<?xml version="1.0" encoding="UTF-8"?>
<testsuite name="com.symphony.springbootdata.demo.service.GrilServiceTest" time="0.337" tests="1" errors="0" skipped="0" failures="1">
  <properties>
[...]
</properties>
  <testcase name="findOne" classname="com.symphony.springbootdata.demo.service.GrilServiceTest" time="0.337">
    <failure message="Response content expected:&lt;[{&quot;id&quot;:1,&quot;nam&quot;:&quot;陈浩&quot;,&quot;age&quot;:24},{&quot;id&quot;:2,&quot;name&quot;:&quot;2&quot;,&quot;age&quot;:20},{&quot;id&quot;:3,&quot;name&quot;:&quot;陈浩&quot;,&quot;age&quot;:24},{&quot;id&quot;:4,&quot;name&quot;:&quot;hello&quot;,&quot;age&quot;:20},{&quot;id&quot;:5,&quot;name&quot;:&quot;陈浩&quot;,&quot;age&quot;:24},{&quot;id&quot;:6,&quot;name&quot;:&quot;陈浩&quot;,&quot;age&quot;:20}]&gt; but was:&lt;[{&quot;id&quot;:1,&quot;name&quot;:&quot;陈浩&quot;,&quot;age&quot;:24},{&quot;id&quot;:2,&quot;name&quot;:&quot;2&quot;,&quot;age&quot;:20},{&quot;id&quot;:3,&quot;name&quot;:&quot;陈浩&quot;,&quot;age&quot;:24},{&quot;id&quot;:4,&quot;name&quot;:&quot;hello&quot;,&quot;age&quot;:20},{&quot;id&quot;:5,&quot;name&quot;:&quot;陈浩&quot;,&quot;age&quot;:24},{&quot;id&quot;:6,&quot;name&quot;:&quot;陈浩&quot;,&quot;age&quot;:20}]&gt;" type="java.lang.AssertionError"><![CDATA[java.lang.AssertionError: Response content expected:<[{"id":1,"nam":"陈浩","age":24},{"id":2,"name":"2","age":20},{"id":3,"name":"陈浩","age":24},{"id":4,"name":"hello","age":20},{"id":5,"name":"陈浩","age":24},{"id":6,"name":"陈浩","age":20}]> but was:<[{"id":1,"name":"陈浩","age":24},{"id":2,"name":"2","age":20},{"id":3,"name":"陈浩","age":24},{"id":4,"name":"hello","age":20},{"id":5,"name":"陈浩","age":24},{"id":6,"name":"陈浩","age":20}]>
	at org.springframework.test.util.AssertionErrors.fail(AssertionErrors.java:54)
	at org.springframework.test.util.AssertionErrors.assertEquals(AssertionErrors.java:81)
	at org.springframework.test.web.servlet.result.ContentResultMatchers$5.match(ContentResultMatchers.java:150)
	at org.springframework.test.web.servlet.MockMvc$1.andExpect(MockMvc.java:171)
	at com.symphony.springbootdata.demo.service.GrilServiceTest.findOne(GrilServiceTest.java:32)
]]></failure>
    <system-out><![CDATA[10:22:28.042 [main] DEBUG org.springframework.test.context.junit4.SpringJUnit4ClassRunner - SpringJUnit4ClassRunner constructor called with [class com.symphony.springbootdata.demo.service.GrilServiceTest]
10:22:28.048 [main] DEBUG org.springframework.test.context.BootstrapUtils - Instantiating CacheAwareContextLoaderDelegate from class [org.springframework.test.context.cache.DefaultCacheAwareContextLoaderDelegate]
10:22:28.058 [main] DEBUG org.springframework.test.context.BootstrapUtils - Instantiating BootstrapContext using constructor [public org.springframework.test.context.support.DefaultBootstrapContext(java.lang.Class,org.springframework.test.context.CacheAwareContextLoaderDelegate)]
10:22:28.087 [main] DEBUG org.springframework.test.context.BootstrapUtils - Instantiating TestContextBootstrapper for test class [com.symphony.springbootdata.demo.service.GrilServiceTest] from class [org.springframework.boot.test.context.SpringBootTestContextBootstrapper]
10:22:28.103 [main] INFO org.springframework.boot.test.context.SpringBootTestContextBootstrapper - Neither @ContextConfiguration nor @ContextHierarchy found for test class [com.symphony.springbootdata.demo.service.GrilServiceTest], using SpringBootContextLoader
10:22:28.108 [main] DEBUG org.springframework.test.context.support.AbstractContextLoader - Did not detect default resource location for test class [com.symphony.springbootdata.demo.service.GrilServiceTest]: class path resource [com/symphony/springbootdata/demo/service/GrilServiceTest-context.xml] does not exist
10:22:28.109 [main] DEBUG org.springframework.test.context.support.AbstractContextLoader - Did not detect default resource location for test class [com.symphony.springbootdata.demo.service.GrilServiceTest]: class path resource [com/symphony/springbootdata/demo/service/GrilServiceTestContext.groovy] does not exist
10:22:28.109 [main] INFO org.springframework.test.context.support.AbstractContextLoader - Could not detect default resource locations for test class [com.symphony.springbootdata.demo.service.GrilServiceTest]: no resource found for suffixes {-context.xml, Context.groovy}.
10:22:28.110 [main] INFO org.springframework.test.context.support.AnnotationConfigContextLoaderUtils - Could not detect default configuration classes for test class [com.symphony.springbootdata.demo.service.GrilServiceTest]: GrilServiceTest does not declare any static, non-private, non-final, nested classes annotated with @Configuration.
10:22:28.159 [main] DEBUG org.springframework.test.context.support.ActiveProfilesUtils - Could not find an 'annotation declaring class' for annotation type [org.springframework.test.context.ActiveProfiles] and class [com.symphony.springbootdata.demo.service.GrilServiceTest]
10:22:28.166 [main] DEBUG org.springframework.core.env.StandardEnvironment - Adding PropertySource 'systemProperties' with lowest search precedence
10:22:28.168 [main] DEBUG org.springframework.core.env.StandardEnvironment - Adding PropertySource 'systemEnvironment' with lowest search precedence
10:22:28.168 [main] DEBUG org.springframework.core.env.StandardEnvironment - Initialized StandardEnvironment with PropertySources [MapPropertySource@2012846597 {name='systemProperties', properties={java.runtime.name=Java(TM) SE Runtime Environment, sun.boot.library.path=/home/ch/software/jdk1.8.0_144/jre/lib/amd64, java.vm.version=25.144-b01, java.vm.vendor=Oracle Corporation, java.vendor.url=http://java.oracle.com/, path.separator=:, java.vm.name=Java HotSpot(TM) 64-Bit Server VM, file.encoding.pkg=sun.io, user.country=CN, sun.java.launcher=SUN_STANDARD, sun.os.patch.level=unknown, java.vm.specification.name=Java Virtual Machine Specification, user.dir=/home/ch/workspace/Springboot-data, java.runtime.version=1.8.0_144-b01, basedir=/home/ch/workspace/Springboot-data, java.awt.graphicsenv=sun.awt.X11GraphicsEnvironment, java.endorsed.dirs=/home/ch/software/jdk1.8.0_144/jre/lib/endorsed, os.arch=amd64, surefire.real.class.path=/home/ch/workspace/Springboot-data/target/surefire/surefirebooter2369202091142597777.jar, java.io.tmpdir=/tmp, line.separator=
, java.vm.specification.vendor=Oracle Corporation, os.name=Linux, sun.jnu.encoding=UTF-8, java.library.path=/home/ch/software/idea-IU-172.4155.36/bin::/usr/java/packages/lib/amd64:/usr/lib64:/lib64:/lib:/usr/lib, surefire.test.class.path=/home/ch/workspace/Springboot-data/target/test-classes:/home/ch/workspace/Springboot-data/target/classes:/home/ch/.m2/repository/org/springframework/boot/spring-boot-starter-data-jpa/1.5.8.RELEASE/spring-boot-starter-data-jpa-1.5.8.RELEASE.jar:/home/ch/.m2/repository/org/springframework/boot/spring-boot-starter/1.5.8.RELEASE/spring-boot-starter-1.5.8.RELEASE.jar:/home/ch/.m2/repository/org/springframework/boot/spring-boot/1.5.8.RELEASE/spring-boot-1.5.8.RELEASE.jar:/home/ch/.m2/repository/org/springframework/boot/spring-boot-autoconfigure/1.5.8.RELEASE/spring-boot-autoconfigure-1.5.8.RELEASE.jar:/home/ch/.m2/repository/org/springframework/boot/spring-boot-starter-logging/1.5.8.RELEASE/spring-boot-starter-logging-1.5.8.RELEASE.jar:/home/ch/.m2/repository/ch/qos/logback/logback-classic/1.1.11/logback-classic-1.1.11.jar:/home/ch/.m2/repository/ch/qos/logback/logback-core/1.1.11/logback-core-1.1.11.jar:/home/ch/.m2/repository/org/slf4j/jul-to-slf4j/1.7.25/jul-to-slf4j-1.7.25.jar:/home/ch/.m2/repository/org/slf4j/log4j-over-slf4j/1.7.25/log4j-over-slf4j-1.7.25.jar:/home/ch/.m2/repository/org/yaml/snakeyaml/1.17/snakeyaml-1.17.jar:/home/ch/.m2/repository/org/springframework/boot/spring-boot-starter-aop/1.5.8.RELEASE/spring-boot-starter-aop-1.5.8.RELEASE.jar:/home/ch/.m2/repository/org/springframework/spring-aop/4.3.12.RELEASE/spring-aop-4.3.12.RELEASE.jar:/home/ch/.m2/repository/org/aspectj/aspectjweaver/1.8.11/aspectjweaver-1.8.11.jar:/home/ch/.m2/repository/org/springframework/boot/spring-boot-starter-jdbc/1.5.8.RELEASE/spring-boot-starter-jdbc-1.5.8.RELEASE.jar:/home/ch/.m2/repository/org/apache/tomcat/tomcat-jdbc/8.5.23/tomcat-jdbc-8.5.23.jar:/home/ch/.m2/repository/org/apache/tomcat/tomcat-juli/8.5.23/tomcat-juli-8.5.23.jar:/home/ch/.m2/repository/org/springframework/spring-jdbc/4.3.12.RELEASE/spring-jdbc-4.3.12.RELEASE.jar:/home/ch/.m2/repository/org/hibernate/hibernate-core/5.0.12.Final/hibernate-core-5.0.12.Final.jar:/home/ch/.m2/repository/org/jboss/logging/jboss-logging/3.3.1.Final/jboss-logging-3.3.1.Final.jar:/home/ch/.m2/repository/org/hibernate/javax/persistence/hibernate-jpa-2.1-api/1.0.0.Final/hibernate-jpa-2.1-api-1.0.0.Final.jar:/home/ch/.m2/repository/org/javassist/javassist/3.21.0-GA/javassist-3.21.0-GA.jar:/home/ch/.m2/repository/antlr/antlr/2.7.7/antlr-2.7.7.jar:/home/ch/.m2/repository/org/jboss/jandex/2.0.0.Final/jandex-2.0.0.Final.jar:/home/ch/.m2/repository/dom4j/dom4j/1.6.1/dom4j-1.6.1.jar:/home/ch/.m2/repository/org/hibernate/common/hibernate-commons-annotations/5.0.1.Final/hibernate-commons-annotations-5.0.1.Final.jar:/home/ch/.m2/repository/org/hibernate/hibernate-entitymanager/5.0.12.Final/hibernate-entitymanager-5.0.12.Final.jar:/home/ch/.m2/repository/javax/transaction/javax.transaction-api/1.2/javax.transaction-api-1.2.jar:/home/ch/.m2/repository/org/springframework/data/spring-data-jpa/1.11.8.RELEASE/spring-data-jpa-1.11.8.RELEASE.jar:/home/ch/.m2/repository/org/springframework/data/spring-data-commons/1.13.8.RELEASE/spring-data-commons-1.13.8.RELEASE.jar:/home/ch/.m2/repository/org/springframework/spring-orm/4.3.12.RELEASE/spring-orm-4.3.12.RELEASE.jar:/home/ch/.m2/repository/org/springframework/spring-context/4.3.12.RELEASE/spring-context-4.3.12.RELEASE.jar:/home/ch/.m2/repository/org/springframework/spring-tx/4.3.12.RELEASE/spring-tx-4.3.12.RELEASE.jar:/home/ch/.m2/repository/org/springframework/spring-beans/4.3.12.RELEASE/spring-beans-4.3.12.RELEASE.jar:/home/ch/.m2/repository/org/slf4j/slf4j-api/1.7.25/slf4j-api-1.7.25.jar:/home/ch/.m2/repository/org/slf4j/jcl-over-slf4j/1.7.25/jcl-over-slf4j-1.7.25.jar:/home/ch/.m2/repository/org/springframework/spring-aspects/4.3.12.RELEASE/spring-aspects-4.3.12.RELEASE.jar:/home/ch/.m2/repository/org/springframework/boot/spring-boot-starter-web/1.5.8.RELEASE/spring-boot-starter-web-1.5.8.RELEASE.jar:/home/ch/.m2/repository/org/springframework/boot/spring-boot-starter-tomcat/1.5.8.RELEASE/spring-boot-starter-tomcat-1.5.8.RELEASE.jar:/home/ch/.m2/repository/org/apache/tomcat/embed/tomcat-embed-core/8.5.23/tomcat-embed-core-8.5.23.jar:/home/ch/.m2/repository/org/apache/tomcat/tomcat-annotations-api/8.5.23/tomcat-annotations-api-8.5.23.jar:/home/ch/.m2/repository/org/apache/tomcat/embed/tomcat-embed-el/8.5.23/tomcat-embed-el-8.5.23.jar:/home/ch/.m2/repository/org/apache/tomcat/embed/tomcat-embed-websocket/8.5.23/tomcat-embed-websocket-8.5.23.jar:/home/ch/.m2/repository/org/hibernate/hibernate-validator/5.3.5.Final/hibernate-validator-5.3.5.Final.jar:/home/ch/.m2/repository/javax/validation/validation-api/1.1.0.Final/validation-api-1.1.0.Final.jar:/home/ch/.m2/repository/com/fasterxml/classmate/1.3.4/classmate-1.3.4.jar:/home/ch/.m2/repository/com/fasterxml/jackson/core/jackson-databind/2.8.10/jackson-databind-2.8.10.jar:/home/ch/.m2/repository/com/fasterxml/jackson/core/jackson-annotations/2.8.0/jackson-annotations-2.8.0.jar:/home/ch/.m2/repository/com/fasterxml/jackson/core/jackson-core/2.8.10/jackson-core-2.8.10.jar:/home/ch/.m2/repository/org/springframework/spring-web/4.3.12.RELEASE/spring-web-4.3.12.RELEASE.jar:/home/ch/.m2/repository/org/springframework/spring-webmvc/4.3.12.RELEASE/spring-webmvc-4.3.12.RELEASE.jar:/home/ch/.m2/repository/org/springframework/spring-expression/4.3.12.RELEASE/spring-expression-4.3.12.RELEASE.jar:/home/ch/.m2/repository/mysql/mysql-connector-java/5.1.44/mysql-connector-java-5.1.44.jar:/home/ch/.m2/repository/org/springframework/boot/spring-boot-starter-test/1.5.8.RELEASE/spring-boot-starter-test-1.5.8.RELEASE.jar:/home/ch/.m2/repository/org/springframework/boot/spring-boot-test/1.5.8.RELEASE/spring-boot-test-1.5.8.RELEASE.jar:/home/ch/.m2/repository/org/springframework/boot/spring-boot-test-autoconfigure/1.5.8.RELEASE/spring-boot-test-autoconfigure-1.5.8.RELEASE.jar:/home/ch/.m2/repository/com/jayway/jsonpath/json-path/2.2.0/json-path-2.2.0.jar:/home/ch/.m2/repository/net/minidev/json-smart/2.2.1/json-smart-2.2.1.jar:/home/ch/.m2/repository/net/minidev/accessors-smart/1.1/accessors-smart-1.1.jar:/home/ch/.m2/repository/org/ow2/asm/asm/5.0.3/asm-5.0.3.jar:/home/ch/.m2/repository/junit/junit/4.12/junit-4.12.jar:/home/ch/.m2/repository/org/assertj/assertj-core/2.6.0/assertj-core-2.6.0.jar:/home/ch/.m2/repository/org/mockito/mockito-core/1.10.19/mockito-core-1.10.19.jar:/home/ch/.m2/repository/org/objenesis/objenesis/2.1/objenesis-2.1.jar:/home/ch/.m2/repository/org/hamcrest/hamcrest-core/1.3/hamcrest-core-1.3.jar:/home/ch/.m2/repository/org/hamcrest/hamcrest-library/1.3/hamcrest-library-1.3.jar:/home/ch/.m2/repository/org/skyscreamer/jsonassert/1.4.0/jsonassert-1.4.0.jar:/home/ch/.m2/repository/com/vaadin/external/google/android-json/0.0.20131108.vaadin1/android-json-0.0.20131108.vaadin1.jar:/home/ch/.m2/repository/org/springframework/spring-core/4.3.12.RELEASE/spring-core-4.3.12.RELEASE.jar:/home/ch/.m2/repository/org/springframework/spring-test/4.3.12.RELEASE/spring-test-4.3.12.RELEASE.jar:/home/ch/.m2/repository/org/projectlombok/lombok/1.16.18/lombok-1.16.18.jar:, java.specification.name=Java Platform API Specification, java.class.version=52.0, sun.management.compiler=HotSpot 64-Bit Tiered Compilers, os.version=4.10.0-40-generic, user.home=/home/ch, user.timezone=Asia/Shanghai, java.awt.printerjob=sun.print.PSPrinterJob, file.encoding=UTF-8, java.specification.version=1.8, java.class.path=/home/ch/workspace/Springboot-data/target/test-classes:/home/ch/workspace/Springboot-data/target/classes:/home/ch/.m2/repository/org/springframework/boot/spring-boot-starter-data-jpa/1.5.8.RELEASE/spring-boot-starter-data-jpa-1.5.8.RELEASE.jar:/home/ch/.m2/repository/org/springframework/boot/spring-boot-starter/1.5.8.RELEASE/spring-boot-starter-1.5.8.RELEASE.jar:/home/ch/.m2/repository/org/springframework/boot/spring-boot/1.5.8.RELEASE/spring-boot-1.5.8.RELEASE.jar:/home/ch/.m2/repository/org/springframework/boot/spring-boot-autoconfigure/1.5.8.RELEASE/spring-boot-autoconfigure-1.5.8.RELEASE.jar:/home/ch/.m2/repository/org/springframework/boot/spring-boot-starter-logging/1.5.8.RELEASE/spring-boot-starter-logging-1.5.8.RELEASE.jar:/home/ch/.m2/repository/ch/qos/logback/logback-classic/1.1.11/logback-classic-1.1.11.jar:/home/ch/.m2/repository/ch/qos/logback/logback-core/1.1.11/logback-core-1.1.11.jar:/home/ch/.m2/repository/org/slf4j/jul-to-slf4j/1.7.25/jul-to-slf4j-1.7.25.jar:/home/ch/.m2/repository/org/slf4j/log4j-over-slf4j/1.7.25/log4j-over-slf4j-1.7.25.jar:/home/ch/.m2/repository/org/yaml/snakeyaml/1.17/snakeyaml-1.17.jar:/home/ch/.m2/repository/org/springframework/boot/spring-boot-starter-aop/1.5.8.RELEASE/spring-boot-starter-aop-1.5.8.RELEASE.jar:/home/ch/.m2/repository/org/springframework/spring-aop/4.3.12.RELEASE/spring-aop-4.3.12.RELEASE.jar:/home/ch/.m2/repository/org/aspectj/aspectjweaver/1.8.11/aspectjweaver-1.8.11.jar:/home/ch/.m2/repository/org/springframework/boot/spring-boot-starter-jdbc/1.5.8.RELEASE/spring-boot-starter-jdbc-1.5.8.RELEASE.jar:/home/ch/.m2/repository/org/apache/tomcat/tomcat-jdbc/8.5.23/tomcat-jdbc-8.5.23.jar:/home/ch/.m2/repository/org/apache/tomcat/tomcat-juli/8.5.23/tomcat-juli-8.5.23.jar:/home/ch/.m2/repository/org/springframework/spring-jdbc/4.3.12.RELEASE/spring-jdbc-4.3.12.RELEASE.jar:/home/ch/.m2/repository/org/hibernate/hibernate-core/5.0.12.Final/hibernate-core-5.0.12.Final.jar:/home/ch/.m2/repository/org/jboss/logging/jboss-logging/3.3.1.Final/jboss-logging-3.3.1.Final.jar:/home/ch/.m2/repository/org/hibernate/javax/persistence/hibernate-jpa-2.1-api/1.0.0.Final/hibernate-jpa-2.1-api-1.0.0.Final.jar:/home/ch/.m2/repository/org/javassist/javassist/3.21.0-GA/javassist-3.21.0-GA.jar:/home/ch/.m2/repository/antlr/antlr/2.7.7/antlr-2.7.7.jar:/home/ch/.m2/repository/org/jboss/jandex/2.0.0.Final/jandex-2.0.0.Final.jar:/home/ch/.m2/repository/dom4j/dom4j/1.6.1/dom4j-1.6.1.jar:/home/ch/.m2/repository/org/hibernate/common/hibernate-commons-annotations/5.0.1.Final/hibernate-commons-annotations-5.0.1.Final.jar:/home/ch/.m2/repository/org/hibernate/hibernate-entitymanager/5.0.12.Final/hibernate-entitymanager-5.0.12.Final.jar:/home/ch/.m2/repository/javax/transaction/javax.transaction-api/1.2/javax.transaction-api-1.2.jar:/home/ch/.m2/repository/org/springframework/data/spring-data-jpa/1.11.8.RELEASE/spring-data-jpa-1.11.8.RELEASE.jar:/home/ch/.m2/repository/org/springframework/data/spring-data-commons/1.13.8.RELEASE/spring-data-commons-1.13.8.RELEASE.jar:/home/ch/.m2/repository/org/springframework/spring-orm/4.3.12.RELEASE/spring-orm-4.3.12.RELEASE.jar:/home/ch/.m2/repository/org/springframework/spring-context/4.3.12.RELEASE/spring-context-4.3.12.RELEASE.jar:/home/ch/.m2/repository/org/springframework/spring-tx/4.3.12.RELEASE/spring-tx-4.3.12.RELEASE.jar:/home/ch/.m2/repository/org/springframework/spring-beans/4.3.12.RELEASE/spring-beans-4.3.12.RELEASE.jar:/home/ch/.m2/repository/org/slf4j/slf4j-api/1.7.25/slf4j-api-1.7.25.jar:/home/ch/.m2/repository/org/slf4j/jcl-over-slf4j/1.7.25/jcl-over-slf4j-1.7.25.jar:/home/ch/.m2/repository/org/springframework/spring-aspects/4.3.12.RELEASE/spring-aspects-4.3.12.RELEASE.jar:/home/ch/.m2/repository/org/springframework/boot/spring-boot-starter-web/1.5.8.RELEASE/spring-boot-starter-web-1.5.8.RELEASE.jar:/home/ch/.m2/repository/org/springframework/boot/spring-boot-starter-tomcat/1.5.8.RELEASE/spring-boot-starter-tomcat-1.5.8.RELEASE.jar:/home/ch/.m2/repository/org/apache/tomcat/embed/tomcat-embed-core/8.5.23/tomcat-embed-core-8.5.23.jar:/home/ch/.m2/repository/org/apache/tomcat/tomcat-annotations-api/8.5.23/tomcat-annotations-api-8.5.23.jar:/home/ch/.m2/repository/org/apache/tomcat/embed/tomcat-embed-el/8.5.23/tomcat-embed-el-8.5.23.jar:/home/ch/.m2/repository/org/apache/tomcat/embed/tomcat-embed-websocket/8.5.23/tomcat-embed-websocket-8.5.23.jar:/home/ch/.m2/repository/org/hibernate/hibernate-validator/5.3.5.Final/hibernate-validator-5.3.5.Final.jar:/home/ch/.m2/repository/javax/validation/validation-api/1.1.0.Final/validation-api-1.1.0.Final.jar:/home/ch/.m2/repository/com/fasterxml/classmate/1.3.4/classmate-1.3.4.jar:/home/ch/.m2/repository/com/fasterxml/jackson/core/jackson-databind/2.8.10/jackson-databind-2.8.10.jar:/home/ch/.m2/repository/com/fasterxml/jackson/core/jackson-annotations/2.8.0/jackson-annotations-2.8.0.jar:/home/ch/.m2/repository/com/fasterxml/jackson/core/jackson-core/2.8.10/jackson-core-2.8.10.jar:/home/ch/.m2/repository/org/springframework/spring-web/4.3.12.RELEASE/spring-web-4.3.12.RELEASE.jar:/home/ch/.m2/repository/org/springframework/spring-webmvc/4.3.12.RELEASE/spring-webmvc-4.3.12.RELEASE.jar:/home/ch/.m2/repository/org/springframework/spring-expression/4.3.12.RELEASE/spring-expression-4.3.12.RELEASE.jar:/home/ch/.m2/repository/mysql/mysql-connector-java/5.1.44/mysql-connector-java-5.1.44.jar:/home/ch/.m2/repository/org/springframework/boot/spring-boot-starter-test/1.5.8.RELEASE/spring-boot-starter-test-1.5.8.RELEASE.jar:/home/ch/.m2/repository/org/springframework/boot/spring-boot-test/1.5.8.RELEASE/spring-boot-test-1.5.8.RELEASE.jar:/home/ch/.m2/repository/org/springframework/boot/spring-boot-test-autoconfigure/1.5.8.RELEASE/spring-boot-test-autoconfigure-1.5.8.RELEASE.jar:/home/ch/.m2/repository/com/jayway/jsonpath/json-path/2.2.0/json-path-2.2.0.jar:/home/ch/.m2/repository/net/minidev/json-smart/2.2.1/json-smart-2.2.1.jar:/home/ch/.m2/repository/net/minidev/accessors-smart/1.1/accessors-smart-1.1.jar:/home/ch/.m2/repository/org/ow2/asm/asm/5.0.3/asm-5.0.3.jar:/home/ch/.m2/repository/junit/junit/4.12/junit-4.12.jar:/home/ch/.m2/repository/org/assertj/assertj-core/2.6.0/assertj-core-2.6.0.jar:/home/ch/.m2/repository/org/mockito/mockito-core/1.10.19/mockito-core-1.10.19.jar:/home/ch/.m2/repository/org/objenesis/objenesis/2.1/objenesis-2.1.jar:/home/ch/.m2/repository/org/hamcrest/hamcrest-core/1.3/hamcrest-core-1.3.jar:/home/ch/.m2/repository/org/hamcrest/hamcrest-library/1.3/hamcrest-library-1.3.jar:/home/ch/.m2/repository/org/skyscreamer/jsonassert/1.4.0/jsonassert-1.4.0.jar:/home/ch/.m2/repository/com/vaadin/external/google/android-json/0.0.20131108.vaadin1/android-json-0.0.20131108.vaadin1.jar:/home/ch/.m2/repository/org/springframework/spring-core/4.3.12.RELEASE/spring-core-4.3.12.RELEASE.jar:/home/ch/.m2/repository/org/springframework/spring-test/4.3.12.RELEASE/spring-test-4.3.12.RELEASE.jar:/home/ch/.m2/repository/org/projectlombok/lombok/1.16.18/lombok-1.16.18.jar:, user.name=ch, java.vm.specification.version=1.8, sun.java.command=/home/ch/workspace/Springboot-data/target/surefire/surefirebooter2369202091142597777.jar /home/ch/workspace/Springboot-data/target/surefire/surefire5052213406513336901tmp /home/ch/workspace/Springboot-data/target/surefire/surefire_05260545833279455386tmp, java.home=/home/ch/software/jdk1.8.0_144/jre, sun.arch.data.model=64, user.language=zh, java.specification.vendor=Oracle Corporation, awt.toolkit=sun.awt.X11.XToolkit, java.vm.info=mixed mode, java.version=1.8.0_144, java.ext.dirs=/home/ch/software/jdk1.8.0_144/jre/lib/ext:/usr/java/packages/lib/ext, sun.boot.class.path=/home/ch/software/jdk1.8.0_144/jre/lib/resources.jar:/home/ch/software/jdk1.8.0_144/jre/lib/rt.jar:/home/ch/software/jdk1.8.0_144/jre/lib/sunrsasign.jar:/home/ch/software/jdk1.8.0_144/jre/lib/jsse.jar:/home/ch/software/jdk1.8.0_144/jre/lib/jce.jar:/home/ch/software/jdk1.8.0_144/jre/lib/charsets.jar:/home/ch/software/jdk1.8.0_144/jre/lib/jfr.jar:/home/ch/software/jdk1.8.0_144/jre/classes, java.vendor=Oracle Corporation, localRepository=/home/ch/.m2/repository, file.separator=/, java.vendor.url.bug=http://bugreport.sun.com/bugreport/, sun.io.unicode.encoding=UnicodeLittle, sun.cpu.endian=little, sun.desktop=gnome, sun.cpu.isalist=}}, SystemEnvironmentPropertySource@1665404403 {name='systemEnvironment', properties={PATH=/home/ch/bin:/home/ch/.local/bin:/home/ch/software/jdk1.8.0_144/bin:/usr/local/sbin:/usr/local/bin:/usr/sbin:/usr/bin:/sbin:/bin:/usr/games:/usr/local/games:/snap/bin, XAUTHORITY=/home/ch/.Xauthority, XMODIFIERS=@im=fcitx, ZDOTDIR=, XDG_DATA_DIRS=/usr/share/ubuntu:/usr/share/gnome:/usr/local/share/:/usr/share/:/var/lib/snapd/desktop, GDMSESSION=ubuntu, MANDATORY_PATH=/usr/share/gconf/ubuntu.mandatory.path, GTK_IM_MODULE=fcitx, DBUS_SESSION_BUS_ADDRESS=unix:abstract=/tmp/dbus-LAiRtkjzQ7, DEFAULTS_PATH=/usr/share/gconf/ubuntu.default.path, XDG_CURRENT_DESKTOP=Unity, JRE_HOME=/home/ch/software/jdk1.8.0_144/jre, LD_LIBRARY_PATH=/home/ch/software/idea-IU-172.4155.36/bin:, UPSTART_SESSION=unix:abstract=/com/ubuntu/upstart-session/1000/2130, QT4_IM_MODULE=fcitx, QT_LINUX_ACCESSIBILITY_ALWAYS_ON=1, LOGNAME=ch, JOB=unity-settings-daemon, PWD=/home/ch/workspace/Springboot-data, IM_CONFIG_PHASE=1, LANGUAGE=zh_CN:zh, SHELL=/bin/zsh, PAGER=less, GIO_LAUNCHED_DESKTOP_FILE=/home/ch/.local/share/applications/jetbrains-idea.desktop, GTK2_MODULES=overlay-scrollbar, INSTANCE=, OLDPWD=/home/ch/workspace/Springboot-data, ZSH=/home/ch/.oh-my-zsh, GNOME_DESKTOP_SESSION_ID=this-is-deprecated, UPSTART_INSTANCE=, GTK_MODULES=gail:atk-bridge:unity-gtk-module, CLUTTER_IM_MODULE=xim, XDG_SESSION_PATH=/org/freedesktop/DisplayManager/Session0, LESS=-R, COMPIZ_BIN_PATH=/usr/bin/, SESSIONTYPE=gnome-session, LC_CTYPE=zh_CN.UTF-8, LS_COLORS=rs=0:di=01;34:ln=01;36:mh=00:pi=40;33:so=01;35:do=01;35:bd=40;33;01:cd=40;33;01:or=40;31;01:mi=00:su=37;41:sg=30;43:ca=30;41:tw=30;42:ow=34;42:st=37;44:ex=01;32:*.tar=01;31:*.tgz=01;31:*.arc=01;31:*.arj=01;31:*.taz=01;31:*.lha=01;31:*.lz4=01;31:*.lzh=01;31:*.lzma=01;31:*.tlz=01;31:*.txz=01;31:*.tzo=01;31:*.t7z=01;31:*.zip=01;31:*.z=01;31:*.Z=01;31:*.dz=01;31:*.gz=01;31:*.lrz=01;31:*.lz=01;31:*.lzo=01;31:*.xz=01;31:*.bz2=01;31:*.bz=01;31:*.tbz=01;31:*.tbz2=01;31:*.tz=01;31:*.deb=01;31:*.rpm=01;31:*.jar=01;31:*.war=01;31:*.ear=01;31:*.sar=01;31:*.rar=01;31:*.alz=01;31:*.ace=01;31:*.zoo=01;31:*.cpio=01;31:*.7z=01;31:*.rz=01;31:*.cab=01;31:*.jpg=01;35:*.jpeg=01;35:*.gif=01;35:*.bmp=01;35:*.pbm=01;35:*.pgm=01;35:*.ppm=01;35:*.tga=01;35:*.xbm=01;35:*.xpm=01;35:*.tif=01;35:*.tiff=01;35:*.png=01;35:*.svg=01;35:*.svgz=01;35:*.mng=01;35:*.pcx=01;35:*.mov=01;35:*.mpg=01;35:*.mpeg=01;35:*.m2v=01;35:*.mkv=01;35:*.webm=01;35:*.ogm=01;35:*.mp4=01;35:*.m4v=01;35:*.mp4v=01;35:*.vob=01;35:*.qt=01;35:*.nuv=01;35:*.wmv=01;35:*.asf=01;35:*.rm=01;35:*.rmvb=01;35:*.flc=01;35:*.avi=01;35:*.fli=01;35:*.flv=01;35:*.gl=01;35:*.dl=01;35:*.xcf=01;35:*.xwd=01;35:*.yuv=01;35:*.cgm=01;35:*.emf=01;35:*.ogv=01;35:*.ogx=01;35:*.aac=00;36:*.au=00;36:*.flac=00;36:*.m4a=00;36:*.mid=00;36:*.midi=00;36:*.mka=00;36:*.mp3=00;36:*.mpc=00;36:*.ogg=00;36:*.ra=00;36:*.wav=00;36:*.oga=00;36:*.opus=00;36:*.spx=00;36:*.xspf=00;36:, XDG_SESSION_DESKTOP=ubuntu, SHLVL=1, COMPIZ_CONFIG_PROFILE=ubuntu, QT_IM_MODULE=fcitx, UPSTART_JOB=unity7, JAVA_HOME=/home/ch/software/jdk1.8.0_144, TERM=xterm-256color, XDG_CONFIG_DIRS=/etc/xdg/xdg-ubuntu:/usr/share/upstart/xdg:/etc/xdg, XFILESEARCHPATH=/usr/dt/app-defaults/%L/Dt, LANG=zh_CN.UTF-8, GNOME_KEYRING_CONTROL=, XDG_SEAT_PATH=/org/freedesktop/DisplayManager/Seat0, XDG_SESSION_ID=c2, XDG_SESSION_TYPE=x11, DISPLAY=:0, MAVEN_CMD_LINE_ARGS= install, _=/usr/bin/mvn, GDM_LANG=zh_CN, LSCOLORS=Gxfxcxdxbxegedabagacad, XDG_GREETER_DATA_DIR=/var/lib/lightdm-data/ch, UPSTART_EVENTS=xsession started, GPG_AGENT_INFO=/home/ch/.gnupg/S.gpg-agent:0:1, MAVEN_PROJECTBASEDIR=/home/ch/workspace/Springboot-data, DESKTOP_SESSION=ubuntu, SESSION=ubuntu, USER=ch, CLASSPATH=/home/ch/software/idea-IU-172.4155.36/lib/bootstrap.jar:/home/ch/software/idea-IU-172.4155.36/lib/extensions.jar:/home/ch/software/idea-IU-172.4155.36/lib/util.jar:/home/ch/software/idea-IU-172.4155.36/lib/jdom.jar:/home/ch/software/idea-IU-172.4155.36/lib/log4j.jar:/home/ch/software/idea-IU-172.4155.36/lib/trove4j.jar:/home/ch/software/idea-IU-172.4155.36/lib/jna.jar:/home/ch/software/idea-IU-172.4155.36/jre64/lib/tools.jar, GIO_LAUNCHED_DESKTOP_FILE_PID=3170, QT_ACCESSIBILITY=1, SSH_AUTH_SOCK=/run/user/1000/keyring/ssh, XDG_SEAT=seat0, NLSPATH=/usr/dt/lib/nls/msg/%L/%N.cat, QT_QPA_PLATFORMTHEME=appmenu-qt5, XDG_VTNR=7, XDG_RUNTIME_DIR=/run/user/1000, HOME=/home/ch, GNOME_KEYRING_PID=}}]
10:22:28.183 [main] DEBUG org.springframework.core.io.support.PathMatchingResourcePatternResolver - Resolved classpath location [com/symphony/springbootdata/demo/service/] to resources [URL [file:/home/ch/workspace/Springboot-data/target/test-classes/com/symphony/springbootdata/demo/service/], URL [file:/home/ch/workspace/Springboot-data/target/classes/com/symphony/springbootdata/demo/service/]]
10:22:28.184 [main] DEBUG org.springframework.core.io.support.PathMatchingResourcePatternResolver - Looking for matching resources in directory tree [/home/ch/workspace/Springboot-data/target/test-classes/com/symphony/springbootdata/demo/service]
10:22:28.184 [main] DEBUG org.springframework.core.io.support.PathMatchingResourcePatternResolver - Searching directory [/home/ch/workspace/Springboot-data/target/test-classes/com/symphony/springbootdata/demo/service] for files matching pattern [/home/ch/workspace/Springboot-data/target/test-classes/com/symphony/springbootdata/demo/service/*.class]
10:22:28.187 [main] DEBUG org.springframework.core.io.support.PathMatchingResourcePatternResolver - Looking for matching resources in directory tree [/home/ch/workspace/Springboot-data/target/classes/com/symphony/springbootdata/demo/service]
10:22:28.187 [main] DEBUG org.springframework.core.io.support.PathMatchingResourcePatternResolver - Searching directory [/home/ch/workspace/Springboot-data/target/classes/com/symphony/springbootdata/demo/service] for files matching pattern [/home/ch/workspace/Springboot-data/target/classes/com/symphony/springbootdata/demo/service/*.class]
10:22:28.188 [main] DEBUG org.springframework.core.io.support.PathMatchingResourcePatternResolver - Resolved location pattern [classpath*:com/symphony/springbootdata/demo/service/*.class] to resources [file [/home/ch/workspace/Springboot-data/target/test-classes/com/symphony/springbootdata/demo/service/GrilServiceTest.class], file [/home/ch/workspace/Springboot-data/target/classes/com/symphony/springbootdata/demo/service/GrilService.class]]
10:22:28.206 [main] DEBUG org.springframework.core.io.support.PathMatchingResourcePatternResolver - Resolved classpath location [com/symphony/springbootdata/demo/] to resources [URL [file:/home/ch/workspace/Springboot-data/target/test-classes/com/symphony/springbootdata/demo/], URL [file:/home/ch/workspace/Springboot-data/target/classes/com/symphony/springbootdata/demo/]]
10:22:28.206 [main] DEBUG org.springframework.core.io.support.PathMatchingResourcePatternResolver - Looking for matching resources in directory tree [/home/ch/workspace/Springboot-data/target/test-classes/com/symphony/springbootdata/demo]
10:22:28.206 [main] DEBUG org.springframework.core.io.support.PathMatchingResourcePatternResolver - Searching directory [/home/ch/workspace/Springboot-data/target/test-classes/com/symphony/springbootdata/demo] for files matching pattern [/home/ch/workspace/Springboot-data/target/test-classes/com/symphony/springbootdata/demo/*.class]
10:22:28.207 [main] DEBUG org.springframework.core.io.support.PathMatchingResourcePatternResolver - Looking for matching resources in directory tree [/home/ch/workspace/Springboot-data/target/classes/com/symphony/springbootdata/demo]
10:22:28.207 [main] DEBUG org.springframework.core.io.support.PathMatchingResourcePatternResolver - Searching directory [/home/ch/workspace/Springboot-data/target/classes/com/symphony/springbootdata/demo] for files matching pattern [/home/ch/workspace/Springboot-data/target/classes/com/symphony/springbootdata/demo/*.class]
10:22:28.210 [main] DEBUG org.springframework.core.io.support.PathMatchingResourcePatternResolver - Resolved location pattern [classpath*:com/symphony/springbootdata/demo/*.class] to resources [file [/home/ch/workspace/Springboot-data/target/test-classes/com/symphony/springbootdata/demo/DemoApplicationTests.class], file [/home/ch/workspace/Springboot-data/target/test-classes/com/symphony/springbootdata/demo/GrilServiceTest.class], file [/home/ch/workspace/Springboot-data/target/classes/com/symphony/springbootdata/demo/DemoApplication.class], file [/home/ch/workspace/Springboot-data/target/classes/com/symphony/springbootdata/demo/GrilPro.class], file [/home/ch/workspace/Springboot-data/target/classes/com/symphony/springbootdata/demo/GrilRepository.class]]
10:22:28.244 [main] DEBUG org.springframework.context.annotation.ClassPathScanningCandidateComponentProvider - Identified candidate component class: file [/home/ch/workspace/Springboot-data/target/classes/com/symphony/springbootdata/demo/DemoApplication.class]
10:22:28.248 [main] INFO org.springframework.boot.test.context.SpringBootTestContextBootstrapper - Found @SpringBootConfiguration com.symphony.springbootdata.demo.DemoApplication for test class com.symphony.springbootdata.demo.service.GrilServiceTest
10:22:28.253 [main] DEBUG org.springframework.boot.test.context.SpringBootTestContextBootstrapper - @TestExecutionListeners is not present for class [com.symphony.springbootdata.demo.service.GrilServiceTest]: using defaults.
10:22:28.258 [main] INFO org.springframework.boot.test.context.SpringBootTestContextBootstrapper - Loaded default TestExecutionListener class names from location [META-INF/spring.factories]: [org.springframework.boot.test.mock.mockito.MockitoTestExecutionListener, org.springframework.boot.test.mock.mockito.ResetMocksTestExecutionListener, org.springframework.boot.test.autoconfigure.restdocs.RestDocsTestExecutionListener, org.springframework.boot.test.autoconfigure.web.client.MockRestServiceServerResetTestExecutionListener, org.springframework.boot.test.autoconfigure.web.servlet.MockMvcPrintOnlyOnFailureTestExecutionListener, org.springframework.boot.test.autoconfigure.web.servlet.WebDriverTestExecutionListener, org.springframework.test.context.web.ServletTestExecutionListener, org.springframework.test.context.support.DirtiesContextBeforeModesTestExecutionListener, org.springframework.test.context.support.DependencyInjectionTestExecutionListener, org.springframework.test.context.support.DirtiesContextTestExecutionListener, org.springframework.test.context.transaction.TransactionalTestExecutionListener, org.springframework.test.context.jdbc.SqlScriptsTestExecutionListener]
10:22:28.279 [main] INFO org.springframework.boot.test.context.SpringBootTestContextBootstrapper - Using TestExecutionListeners: [org.springframework.test.context.web.ServletTestExecutionListener@18a70f16, org.springframework.test.context.support.DirtiesContextBeforeModesTestExecutionListener@62e136d3, org.springframework.boot.test.autoconfigure.SpringBootDependencyInjectionTestExecutionListener@c8e4bb0, org.springframework.test.context.support.DirtiesContextTestExecutionListener@6279cee3, org.springframework.test.context.transaction.TransactionalTestExecutionListener@4206a205, org.springframework.test.context.jdbc.SqlScriptsTestExecutionListener@29ba4338, org.springframework.boot.test.autoconfigure.web.client.MockRestServiceServerResetTestExecutionListener@57175e74, org.springframework.boot.test.autoconfigure.web.servlet.WebDriverTestExecutionListener@7bb58ca3, org.springframework.boot.test.autoconfigure.web.servlet.MockMvcPrintOnlyOnFailureTestExecutionListener@c540f5a, org.springframework.boot.test.mock.mockito.ResetMocksTestExecutionListener@770c2e6b, org.springframework.boot.test.mock.mockito.MockitoTestExecutionListener@1a052a00, org.springframework.boot.test.autoconfigure.restdocs.RestDocsTestExecutionListener@4d826d77]
10:22:28.280 [main] DEBUG org.springframework.test.context.junit4.SpringJUnit4ClassRunner - SpringJUnit4ClassRunner constructor called with [class com.symphony.springbootdata.demo.DemoApplicationTests]
10:22:28.280 [main] DEBUG org.springframework.test.context.BootstrapUtils - Instantiating CacheAwareContextLoaderDelegate from class [org.springframework.test.context.cache.DefaultCacheAwareContextLoaderDelegate]
10:22:28.280 [main] DEBUG org.springframework.test.context.BootstrapUtils - Instantiating BootstrapContext using constructor [public org.springframework.test.context.support.DefaultBootstrapContext(java.lang.Class,org.springframework.test.context.CacheAwareContextLoaderDelegate)]
10:22:28.280 [main] DEBUG org.springframework.test.context.BootstrapUtils - Instantiating TestContextBootstrapper for test class [com.symphony.springbootdata.demo.DemoApplicationTests] from class [org.springframework.boot.test.context.SpringBootTestContextBootstrapper]
10:22:28.281 [main] INFO org.springframework.boot.test.context.SpringBootTestContextBootstrapper - Neither @ContextConfiguration nor @ContextHierarchy found for test class [com.symphony.springbootdata.demo.DemoApplicationTests], using SpringBootContextLoader
10:22:28.281 [main] DEBUG org.springframework.test.context.support.AbstractContextLoader - Did not detect default resource location for test class [com.symphony.springbootdata.demo.DemoApplicationTests]: class path resource [com/symphony/springbootdata/demo/DemoApplicationTests-context.xml] does not exist
10:22:28.281 [main] DEBUG org.springframework.test.context.support.AbstractContextLoader - Did not detect default resource location for test class [com.symphony.springbootdata.demo.DemoApplicationTests]: class path resource [com/symphony/springbootdata/demo/DemoApplicationTestsContext.groovy] does not exist
10:22:28.282 [main] INFO org.springframework.test.context.support.AbstractContextLoader - Could not detect default resource locations for test class [com.symphony.springbootdata.demo.DemoApplicationTests]: no resource found for suffixes {-context.xml, Context.groovy}.
10:22:28.282 [main] INFO org.springframework.test.context.support.AnnotationConfigContextLoaderUtils - Could not detect default configuration classes for test class [com.symphony.springbootdata.demo.DemoApplicationTests]: DemoApplicationTests does not declare any static, non-private, non-final, nested classes annotated with @Configuration.
10:22:28.286 [main] DEBUG org.springframework.test.context.support.ActiveProfilesUtils - Could not find an 'annotation declaring class' for annotation type [org.springframework.test.context.ActiveProfiles] and class [com.symphony.springbootdata.demo.DemoApplicationTests]
10:22:28.286 [main] DEBUG org.springframework.core.env.StandardEnvironment - Adding PropertySource 'systemProperties' with lowest search precedence
10:22:28.286 [main] DEBUG org.springframework.core.env.StandardEnvironment - Adding PropertySource 'systemEnvironment' with lowest search precedence
10:22:28.287 [main] DEBUG org.springframework.core.env.StandardEnvironment - Initialized StandardEnvironment with PropertySources [MapPropertySource@660017404 {name='systemProperties', properties={java.runtime.name=Java(TM) SE Runtime Environment, sun.boot.library.path=/home/ch/software/jdk1.8.0_144/jre/lib/amd64, java.vm.version=25.144-b01, java.vm.vendor=Oracle Corporation, java.vendor.url=http://java.oracle.com/, path.separator=:, java.vm.name=Java HotSpot(TM) 64-Bit Server VM, file.encoding.pkg=sun.io, user.country=CN, sun.java.launcher=SUN_STANDARD, sun.os.patch.level=unknown, java.vm.specification.name=Java Virtual Machine Specification, user.dir=/home/ch/workspace/Springboot-data, java.runtime.version=1.8.0_144-b01, basedir=/home/ch/workspace/Springboot-data, java.awt.graphicsenv=sun.awt.X11GraphicsEnvironment, java.endorsed.dirs=/home/ch/software/jdk1.8.0_144/jre/lib/endorsed, os.arch=amd64, surefire.real.class.path=/home/ch/workspace/Springboot-data/target/surefire/surefirebooter2369202091142597777.jar, java.io.tmpdir=/tmp, line.separator=
, java.vm.specification.vendor=Oracle Corporation, os.name=Linux, sun.jnu.encoding=UTF-8, java.library.path=/home/ch/software/idea-IU-172.4155.36/bin::/usr/java/packages/lib/amd64:/usr/lib64:/lib64:/lib:/usr/lib, surefire.test.class.path=/home/ch/workspace/Springboot-data/target/test-classes:/home/ch/workspace/Springboot-data/target/classes:/home/ch/.m2/repository/org/springframework/boot/spring-boot-starter-data-jpa/1.5.8.RELEASE/spring-boot-starter-data-jpa-1.5.8.RELEASE.jar:/home/ch/.m2/repository/org/springframework/boot/spring-boot-starter/1.5.8.RELEASE/spring-boot-starter-1.5.8.RELEASE.jar:/home/ch/.m2/repository/org/springframework/boot/spring-boot/1.5.8.RELEASE/spring-boot-1.5.8.RELEASE.jar:/home/ch/.m2/repository/org/springframework/boot/spring-boot-autoconfigure/1.5.8.RELEASE/spring-boot-autoconfigure-1.5.8.RELEASE.jar:/home/ch/.m2/repository/org/springframework/boot/spring-boot-starter-logging/1.5.8.RELEASE/spring-boot-starter-logging-1.5.8.RELEASE.jar:/home/ch/.m2/repository/ch/qos/logback/logback-classic/1.1.11/logback-classic-1.1.11.jar:/home/ch/.m2/repository/ch/qos/logback/logback-core/1.1.11/logback-core-1.1.11.jar:/home/ch/.m2/repository/org/slf4j/jul-to-slf4j/1.7.25/jul-to-slf4j-1.7.25.jar:/home/ch/.m2/repository/org/slf4j/log4j-over-slf4j/1.7.25/log4j-over-slf4j-1.7.25.jar:/home/ch/.m2/repository/org/yaml/snakeyaml/1.17/snakeyaml-1.17.jar:/home/ch/.m2/repository/org/springframework/boot/spring-boot-starter-aop/1.5.8.RELEASE/spring-boot-starter-aop-1.5.8.RELEASE.jar:/home/ch/.m2/repository/org/springframework/spring-aop/4.3.12.RELEASE/spring-aop-4.3.12.RELEASE.jar:/home/ch/.m2/repository/org/aspectj/aspectjweaver/1.8.11/aspectjweaver-1.8.11.jar:/home/ch/.m2/repository/org/springframework/boot/spring-boot-starter-jdbc/1.5.8.RELEASE/spring-boot-starter-jdbc-1.5.8.RELEASE.jar:/home/ch/.m2/repository/org/apache/tomcat/tomcat-jdbc/8.5.23/tomcat-jdbc-8.5.23.jar:/home/ch/.m2/repository/org/apache/tomcat/tomcat-juli/8.5.23/tomcat-juli-8.5.23.jar:/home/ch/.m2/repository/org/springframework/spring-jdbc/4.3.12.RELEASE/spring-jdbc-4.3.12.RELEASE.jar:/home/ch/.m2/repository/org/hibernate/hibernate-core/5.0.12.Final/hibernate-core-5.0.12.Final.jar:/home/ch/.m2/repository/org/jboss/logging/jboss-logging/3.3.1.Final/jboss-logging-3.3.1.Final.jar:/home/ch/.m2/repository/org/hibernate/javax/persistence/hibernate-jpa-2.1-api/1.0.0.Final/hibernate-jpa-2.1-api-1.0.0.Final.jar:/home/ch/.m2/repository/org/javassist/javassist/3.21.0-GA/javassist-3.21.0-GA.jar:/home/ch/.m2/repository/antlr/antlr/2.7.7/antlr-2.7.7.jar:/home/ch/.m2/repository/org/jboss/jandex/2.0.0.Final/jandex-2.0.0.Final.jar:/home/ch/.m2/repository/dom4j/dom4j/1.6.1/dom4j-1.6.1.jar:/home/ch/.m2/repository/org/hibernate/common/hibernate-commons-annotations/5.0.1.Final/hibernate-commons-annotations-5.0.1.Final.jar:/home/ch/.m2/repository/org/hibernate/hibernate-entitymanager/5.0.12.Final/hibernate-entitymanager-5.0.12.Final.jar:/home/ch/.m2/repository/javax/transaction/javax.transaction-api/1.2/javax.transaction-api-1.2.jar:/home/ch/.m2/repository/org/springframework/data/spring-data-jpa/1.11.8.RELEASE/spring-data-jpa-1.11.8.RELEASE.jar:/home/ch/.m2/repository/org/springframework/data/spring-data-commons/1.13.8.RELEASE/spring-data-commons-1.13.8.RELEASE.jar:/home/ch/.m2/repository/org/springframework/spring-orm/4.3.12.RELEASE/spring-orm-4.3.12.RELEASE.jar:/home/ch/.m2/repository/org/springframework/spring-context/4.3.12.RELEASE/spring-context-4.3.12.RELEASE.jar:/home/ch/.m2/repository/org/springframework/spring-tx/4.3.12.RELEASE/spring-tx-4.3.12.RELEASE.jar:/home/ch/.m2/repository/org/springframework/spring-beans/4.3.12.RELEASE/spring-beans-4.3.12.RELEASE.jar:/home/ch/.m2/repository/org/slf4j/slf4j-api/1.7.25/slf4j-api-1.7.25.jar:/home/ch/.m2/repository/org/slf4j/jcl-over-slf4j/1.7.25/jcl-over-slf4j-1.7.25.jar:/home/ch/.m2/repository/org/springframework/spring-aspects/4.3.12.RELEASE/spring-aspects-4.3.12.RELEASE.jar:/home/ch/.m2/repository/org/springframework/boot/spring-boot-starter-web/1.5.8.RELEASE/spring-boot-starter-web-1.5.8.RELEASE.jar:/home/ch/.m2/repository/org/springframework/boot/spring-boot-starter-tomcat/1.5.8.RELEASE/spring-boot-starter-tomcat-1.5.8.RELEASE.jar:/home/ch/.m2/repository/org/apache/tomcat/embed/tomcat-embed-core/8.5.23/tomcat-embed-core-8.5.23.jar:/home/ch/.m2/repository/org/apache/tomcat/tomcat-annotations-api/8.5.23/tomcat-annotations-api-8.5.23.jar:/home/ch/.m2/repository/org/apache/tomcat/embed/tomcat-embed-el/8.5.23/tomcat-embed-el-8.5.23.jar:/home/ch/.m2/repository/org/apache/tomcat/embed/tomcat-embed-websocket/8.5.23/tomcat-embed-websocket-8.5.23.jar:/home/ch/.m2/repository/org/hibernate/hibernate-validator/5.3.5.Final/hibernate-validator-5.3.5.Final.jar:/home/ch/.m2/repository/javax/validation/validation-api/1.1.0.Final/validation-api-1.1.0.Final.jar:/home/ch/.m2/repository/com/fasterxml/classmate/1.3.4/classmate-1.3.4.jar:/home/ch/.m2/repository/com/fasterxml/jackson/core/jackson-databind/2.8.10/jackson-databind-2.8.10.jar:/home/ch/.m2/repository/com/fasterxml/jackson/core/jackson-annotations/2.8.0/jackson-annotations-2.8.0.jar:/home/ch/.m2/repository/com/fasterxml/jackson/core/jackson-core/2.8.10/jackson-core-2.8.10.jar:/home/ch/.m2/repository/org/springframework/spring-web/4.3.12.RELEASE/spring-web-4.3.12.RELEASE.jar:/home/ch/.m2/repository/org/springframework/spring-webmvc/4.3.12.RELEASE/spring-webmvc-4.3.12.RELEASE.jar:/home/ch/.m2/repository/org/springframework/spring-expression/4.3.12.RELEASE/spring-expression-4.3.12.RELEASE.jar:/home/ch/.m2/repository/mysql/mysql-connector-java/5.1.44/mysql-connector-java-5.1.44.jar:/home/ch/.m2/repository/org/springframework/boot/spring-boot-starter-test/1.5.8.RELEASE/spring-boot-starter-test-1.5.8.RELEASE.jar:/home/ch/.m2/repository/org/springframework/boot/spring-boot-test/1.5.8.RELEASE/spring-boot-test-1.5.8.RELEASE.jar:/home/ch/.m2/repository/org/springframework/boot/spring-boot-test-autoconfigure/1.5.8.RELEASE/spring-boot-test-autoconfigure-1.5.8.RELEASE.jar:/home/ch/.m2/repository/com/jayway/jsonpath/json-path/2.2.0/json-path-2.2.0.jar:/home/ch/.m2/repository/net/minidev/json-smart/2.2.1/json-smart-2.2.1.jar:/home/ch/.m2/repository/net/minidev/accessors-smart/1.1/accessors-smart-1.1.jar:/home/ch/.m2/repository/org/ow2/asm/asm/5.0.3/asm-5.0.3.jar:/home/ch/.m2/repository/junit/junit/4.12/junit-4.12.jar:/home/ch/.m2/repository/org/assertj/assertj-core/2.6.0/assertj-core-2.6.0.jar:/home/ch/.m2/repository/org/mockito/mockito-core/1.10.19/mockito-core-1.10.19.jar:/home/ch/.m2/repository/org/objenesis/objenesis/2.1/objenesis-2.1.jar:/home/ch/.m2/repository/org/hamcrest/hamcrest-core/1.3/hamcrest-core-1.3.jar:/home/ch/.m2/repository/org/hamcrest/hamcrest-library/1.3/hamcrest-library-1.3.jar:/home/ch/.m2/repository/org/skyscreamer/jsonassert/1.4.0/jsonassert-1.4.0.jar:/home/ch/.m2/repository/com/vaadin/external/google/android-json/0.0.20131108.vaadin1/android-json-0.0.20131108.vaadin1.jar:/home/ch/.m2/repository/org/springframework/spring-core/4.3.12.RELEASE/spring-core-4.3.12.RELEASE.jar:/home/ch/.m2/repository/org/springframework/spring-test/4.3.12.RELEASE/spring-test-4.3.12.RELEASE.jar:/home/ch/.m2/repository/org/projectlombok/lombok/1.16.18/lombok-1.16.18.jar:, java.specification.name=Java Platform API Specification, java.class.version=52.0, sun.management.compiler=HotSpot 64-Bit Tiered Compilers, os.version=4.10.0-40-generic, user.home=/home/ch, user.timezone=Asia/Shanghai, java.awt.printerjob=sun.print.PSPrinterJob, file.encoding=UTF-8, java.specification.version=1.8, java.class.path=/home/ch/workspace/Springboot-data/target/test-classes:/home/ch/workspace/Springboot-data/target/classes:/home/ch/.m2/repository/org/springframework/boot/spring-boot-starter-data-jpa/1.5.8.RELEASE/spring-boot-starter-data-jpa-1.5.8.RELEASE.jar:/home/ch/.m2/repository/org/springframework/boot/spring-boot-starter/1.5.8.RELEASE/spring-boot-starter-1.5.8.RELEASE.jar:/home/ch/.m2/repository/org/springframework/boot/spring-boot/1.5.8.RELEASE/spring-boot-1.5.8.RELEASE.jar:/home/ch/.m2/repository/org/springframework/boot/spring-boot-autoconfigure/1.5.8.RELEASE/spring-boot-autoconfigure-1.5.8.RELEASE.jar:/home/ch/.m2/repository/org/springframework/boot/spring-boot-starter-logging/1.5.8.RELEASE/spring-boot-starter-logging-1.5.8.RELEASE.jar:/home/ch/.m2/repository/ch/qos/logback/logback-classic/1.1.11/logback-classic-1.1.11.jar:/home/ch/.m2/repository/ch/qos/logback/logback-core/1.1.11/logback-core-1.1.11.jar:/home/ch/.m2/repository/org/slf4j/jul-to-slf4j/1.7.25/jul-to-slf4j-1.7.25.jar:/home/ch/.m2/repository/org/slf4j/log4j-over-slf4j/1.7.25/log4j-over-slf4j-1.7.25.jar:/home/ch/.m2/repository/org/yaml/snakeyaml/1.17/snakeyaml-1.17.jar:/home/ch/.m2/repository/org/springframework/boot/spring-boot-starter-aop/1.5.8.RELEASE/spring-boot-starter-aop-1.5.8.RELEASE.jar:/home/ch/.m2/repository/org/springframework/spring-aop/4.3.12.RELEASE/spring-aop-4.3.12.RELEASE.jar:/home/ch/.m2/repository/org/aspectj/aspectjweaver/1.8.11/aspectjweaver-1.8.11.jar:/home/ch/.m2/repository/org/springframework/boot/spring-boot-starter-jdbc/1.5.8.RELEASE/spring-boot-starter-jdbc-1.5.8.RELEASE.jar:/home/ch/.m2/repository/org/apache/tomcat/tomcat-jdbc/8.5.23/tomcat-jdbc-8.5.23.jar:/home/ch/.m2/repository/org/apache/tomcat/tomcat-juli/8.5.23/tomcat-juli-8.5.23.jar:/home/ch/.m2/repository/org/springframework/spring-jdbc/4.3.12.RELEASE/spring-jdbc-4.3.12.RELEASE.jar:/home/ch/.m2/repository/org/hibernate/hibernate-core/5.0.12.Final/hibernate-core-5.0.12.Final.jar:/home/ch/.m2/repository/org/jboss/logging/jboss-logging/3.3.1.Final/jboss-logging-3.3.1.Final.jar:/home/ch/.m2/repository/org/hibernate/javax/persistence/hibernate-jpa-2.1-api/1.0.0.Final/hibernate-jpa-2.1-api-1.0.0.Final.jar:/home/ch/.m2/repository/org/javassist/javassist/3.21.0-GA/javassist-3.21.0-GA.jar:/home/ch/.m2/repository/antlr/antlr/2.7.7/antlr-2.7.7.jar:/home/ch/.m2/repository/org/jboss/jandex/2.0.0.Final/jandex-2.0.0.Final.jar:/home/ch/.m2/repository/dom4j/dom4j/1.6.1/dom4j-1.6.1.jar:/home/ch/.m2/repository/org/hibernate/common/hibernate-commons-annotations/5.0.1.Final/hibernate-commons-annotations-5.0.1.Final.jar:/home/ch/.m2/repository/org/hibernate/hibernate-entitymanager/5.0.12.Final/hibernate-entitymanager-5.0.12.Final.jar:/home/ch/.m2/repository/javax/transaction/javax.transaction-api/1.2/javax.transaction-api-1.2.jar:/home/ch/.m2/repository/org/springframework/data/spring-data-jpa/1.11.8.RELEASE/spring-data-jpa-1.11.8.RELEASE.jar:/home/ch/.m2/repository/org/springframework/data/spring-data-commons/1.13.8.RELEASE/spring-data-commons-1.13.8.RELEASE.jar:/home/ch/.m2/repository/org/springframework/spring-orm/4.3.12.RELEASE/spring-orm-4.3.12.RELEASE.jar:/home/ch/.m2/repository/org/springframework/spring-context/4.3.12.RELEASE/spring-context-4.3.12.RELEASE.jar:/home/ch/.m2/repository/org/springframework/spring-tx/4.3.12.RELEASE/spring-tx-4.3.12.RELEASE.jar:/home/ch/.m2/repository/org/springframework/spring-beans/4.3.12.RELEASE/spring-beans-4.3.12.RELEASE.jar:/home/ch/.m2/repository/org/slf4j/slf4j-api/1.7.25/slf4j-api-1.7.25.jar:/home/ch/.m2/repository/org/slf4j/jcl-over-slf4j/1.7.25/jcl-over-slf4j-1.7.25.jar:/home/ch/.m2/repository/org/springframework/spring-aspects/4.3.12.RELEASE/spring-aspects-4.3.12.RELEASE.jar:/home/ch/.m2/repository/org/springframework/boot/spring-boot-starter-web/1.5.8.RELEASE/spring-boot-starter-web-1.5.8.RELEASE.jar:/home/ch/.m2/repository/org/springframework/boot/spring-boot-starter-tomcat/1.5.8.RELEASE/spring-boot-starter-tomcat-1.5.8.RELEASE.jar:/home/ch/.m2/repository/org/apache/tomcat/embed/tomcat-embed-core/8.5.23/tomcat-embed-core-8.5.23.jar:/home/ch/.m2/repository/org/apache/tomcat/tomcat-annotations-api/8.5.23/tomcat-annotations-api-8.5.23.jar:/home/ch/.m2/repository/org/apache/tomcat/embed/tomcat-embed-el/8.5.23/tomcat-embed-el-8.5.23.jar:/home/ch/.m2/repository/org/apache/tomcat/embed/tomcat-embed-websocket/8.5.23/tomcat-embed-websocket-8.5.23.jar:/home/ch/.m2/repository/org/hibernate/hibernate-validator/5.3.5.Final/hibernate-validator-5.3.5.Final.jar:/home/ch/.m2/repository/javax/validation/validation-api/1.1.0.Final/validation-api-1.1.0.Final.jar:/home/ch/.m2/repository/com/fasterxml/classmate/1.3.4/classmate-1.3.4.jar:/home/ch/.m2/repository/com/fasterxml/jackson/core/jackson-databind/2.8.10/jackson-databind-2.8.10.jar:/home/ch/.m2/repository/com/fasterxml/jackson/core/jackson-annotations/2.8.0/jackson-annotations-2.8.0.jar:/home/ch/.m2/repository/com/fasterxml/jackson/core/jackson-core/2.8.10/jackson-core-2.8.10.jar:/home/ch/.m2/repository/org/springframework/spring-web/4.3.12.RELEASE/spring-web-4.3.12.RELEASE.jar:/home/ch/.m2/repository/org/springframework/spring-webmvc/4.3.12.RELEASE/spring-webmvc-4.3.12.RELEASE.jar:/home/ch/.m2/repository/org/springframework/spring-expression/4.3.12.RELEASE/spring-expression-4.3.12.RELEASE.jar:/home/ch/.m2/repository/mysql/mysql-connector-java/5.1.44/mysql-connector-java-5.1.44.jar:/home/ch/.m2/repository/org/springframework/boot/spring-boot-starter-test/1.5.8.RELEASE/spring-boot-starter-test-1.5.8.RELEASE.jar:/home/ch/.m2/repository/org/springframework/boot/spring-boot-test/1.5.8.RELEASE/spring-boot-test-1.5.8.RELEASE.jar:/home/ch/.m2/repository/org/springframework/boot/spring-boot-test-autoconfigure/1.5.8.RELEASE/spring-boot-test-autoconfigure-1.5.8.RELEASE.jar:/home/ch/.m2/repository/com/jayway/jsonpath/json-path/2.2.0/json-path-2.2.0.jar:/home/ch/.m2/repository/net/minidev/json-smart/2.2.1/json-smart-2.2.1.jar:/home/ch/.m2/repository/net/minidev/accessors-smart/1.1/accessors-smart-1.1.jar:/home/ch/.m2/repository/org/ow2/asm/asm/5.0.3/asm-5.0.3.jar:/home/ch/.m2/repository/junit/junit/4.12/junit-4.12.jar:/home/ch/.m2/repository/org/assertj/assertj-core/2.6.0/assertj-core-2.6.0.jar:/home/ch/.m2/repository/org/mockito/mockito-core/1.10.19/mockito-core-1.10.19.jar:/home/ch/.m2/repository/org/objenesis/objenesis/2.1/objenesis-2.1.jar:/home/ch/.m2/repository/org/hamcrest/hamcrest-core/1.3/hamcrest-core-1.3.jar:/home/ch/.m2/repository/org/hamcrest/hamcrest-library/1.3/hamcrest-library-1.3.jar:/home/ch/.m2/repository/org/skyscreamer/jsonassert/1.4.0/jsonassert-1.4.0.jar:/home/ch/.m2/repository/com/vaadin/external/google/android-json/0.0.20131108.vaadin1/android-json-0.0.20131108.vaadin1.jar:/home/ch/.m2/repository/org/springframework/spring-core/4.3.12.RELEASE/spring-core-4.3.12.RELEASE.jar:/home/ch/.m2/repository/org/springframework/spring-test/4.3.12.RELEASE/spring-test-4.3.12.RELEASE.jar:/home/ch/.m2/repository/org/projectlombok/lombok/1.16.18/lombok-1.16.18.jar:, user.name=ch, java.vm.specification.version=1.8, sun.java.command=/home/ch/workspace/Springboot-data/target/surefire/surefirebooter2369202091142597777.jar /home/ch/workspace/Springboot-data/target/surefire/surefire5052213406513336901tmp /home/ch/workspace/Springboot-data/target/surefire/surefire_05260545833279455386tmp, java.home=/home/ch/software/jdk1.8.0_144/jre, sun.arch.data.model=64, user.language=zh, java.specification.vendor=Oracle Corporation, awt.toolkit=sun.awt.X11.XToolkit, java.vm.info=mixed mode, java.version=1.8.0_144, java.ext.dirs=/home/ch/software/jdk1.8.0_144/jre/lib/ext:/usr/java/packages/lib/ext, sun.boot.class.path=/home/ch/software/jdk1.8.0_144/jre/lib/resources.jar:/home/ch/software/jdk1.8.0_144/jre/lib/rt.jar:/home/ch/software/jdk1.8.0_144/jre/lib/sunrsasign.jar:/home/ch/software/jdk1.8.0_144/jre/lib/jsse.jar:/home/ch/software/jdk1.8.0_144/jre/lib/jce.jar:/home/ch/software/jdk1.8.0_144/jre/lib/charsets.jar:/home/ch/software/jdk1.8.0_144/jre/lib/jfr.jar:/home/ch/software/jdk1.8.0_144/jre/classes, java.vendor=Oracle Corporation, localRepository=/home/ch/.m2/repository, file.separator=/, java.vendor.url.bug=http://bugreport.sun.com/bugreport/, sun.io.unicode.encoding=UnicodeLittle, sun.cpu.endian=little, sun.desktop=gnome, sun.cpu.isalist=}}, SystemEnvironmentPropertySource@1381965390 {name='systemEnvironment', properties={PATH=/home/ch/bin:/home/ch/.local/bin:/home/ch/software/jdk1.8.0_144/bin:/usr/local/sbin:/usr/local/bin:/usr/sbin:/usr/bin:/sbin:/bin:/usr/games:/usr/local/games:/snap/bin, XAUTHORITY=/home/ch/.Xauthority, XMODIFIERS=@im=fcitx, ZDOTDIR=, XDG_DATA_DIRS=/usr/share/ubuntu:/usr/share/gnome:/usr/local/share/:/usr/share/:/var/lib/snapd/desktop, GDMSESSION=ubuntu, MANDATORY_PATH=/usr/share/gconf/ubuntu.mandatory.path, GTK_IM_MODULE=fcitx, DBUS_SESSION_BUS_ADDRESS=unix:abstract=/tmp/dbus-LAiRtkjzQ7, DEFAULTS_PATH=/usr/share/gconf/ubuntu.default.path, XDG_CURRENT_DESKTOP=Unity, JRE_HOME=/home/ch/software/jdk1.8.0_144/jre, LD_LIBRARY_PATH=/home/ch/software/idea-IU-172.4155.36/bin:, UPSTART_SESSION=unix:abstract=/com/ubuntu/upstart-session/1000/2130, QT4_IM_MODULE=fcitx, QT_LINUX_ACCESSIBILITY_ALWAYS_ON=1, LOGNAME=ch, JOB=unity-settings-daemon, PWD=/home/ch/workspace/Springboot-data, IM_CONFIG_PHASE=1, LANGUAGE=zh_CN:zh, SHELL=/bin/zsh, PAGER=less, GIO_LAUNCHED_DESKTOP_FILE=/home/ch/.local/share/applications/jetbrains-idea.desktop, GTK2_MODULES=overlay-scrollbar, INSTANCE=, OLDPWD=/home/ch/workspace/Springboot-data, ZSH=/home/ch/.oh-my-zsh, GNOME_DESKTOP_SESSION_ID=this-is-deprecated, UPSTART_INSTANCE=, GTK_MODULES=gail:atk-bridge:unity-gtk-module, CLUTTER_IM_MODULE=xim, XDG_SESSION_PATH=/org/freedesktop/DisplayManager/Session0, LESS=-R, COMPIZ_BIN_PATH=/usr/bin/, SESSIONTYPE=gnome-session, LC_CTYPE=zh_CN.UTF-8, LS_COLORS=rs=0:di=01;34:ln=01;36:mh=00:pi=40;33:so=01;35:do=01;35:bd=40;33;01:cd=40;33;01:or=40;31;01:mi=00:su=37;41:sg=30;43:ca=30;41:tw=30;42:ow=34;42:st=37;44:ex=01;32:*.tar=01;31:*.tgz=01;31:*.arc=01;31:*.arj=01;31:*.taz=01;31:*.lha=01;31:*.lz4=01;31:*.lzh=01;31:*.lzma=01;31:*.tlz=01;31:*.txz=01;31:*.tzo=01;31:*.t7z=01;31:*.zip=01;31:*.z=01;31:*.Z=01;31:*.dz=01;31:*.gz=01;31:*.lrz=01;31:*.lz=01;31:*.lzo=01;31:*.xz=01;31:*.bz2=01;31:*.bz=01;31:*.tbz=01;31:*.tbz2=01;31:*.tz=01;31:*.deb=01;31:*.rpm=01;31:*.jar=01;31:*.war=01;31:*.ear=01;31:*.sar=01;31:*.rar=01;31:*.alz=01;31:*.ace=01;31:*.zoo=01;31:*.cpio=01;31:*.7z=01;31:*.rz=01;31:*.cab=01;31:*.jpg=01;35:*.jpeg=01;35:*.gif=01;35:*.bmp=01;35:*.pbm=01;35:*.pgm=01;35:*.ppm=01;35:*.tga=01;35:*.xbm=01;35:*.xpm=01;35:*.tif=01;35:*.tiff=01;35:*.png=01;35:*.svg=01;35:*.svgz=01;35:*.mng=01;35:*.pcx=01;35:*.mov=01;35:*.mpg=01;35:*.mpeg=01;35:*.m2v=01;35:*.mkv=01;35:*.webm=01;35:*.ogm=01;35:*.mp4=01;35:*.m4v=01;35:*.mp4v=01;35:*.vob=01;35:*.qt=01;35:*.nuv=01;35:*.wmv=01;35:*.asf=01;35:*.rm=01;35:*.rmvb=01;35:*.flc=01;35:*.avi=01;35:*.fli=01;35:*.flv=01;35:*.gl=01;35:*.dl=01;35:*.xcf=01;35:*.xwd=01;35:*.yuv=01;35:*.cgm=01;35:*.emf=01;35:*.ogv=01;35:*.ogx=01;35:*.aac=00;36:*.au=00;36:*.flac=00;36:*.m4a=00;36:*.mid=00;36:*.midi=00;36:*.mka=00;36:*.mp3=00;36:*.mpc=00;36:*.ogg=00;36:*.ra=00;36:*.wav=00;36:*.oga=00;36:*.opus=00;36:*.spx=00;36:*.xspf=00;36:, XDG_SESSION_DESKTOP=ubuntu, SHLVL=1, COMPIZ_CONFIG_PROFILE=ubuntu, QT_IM_MODULE=fcitx, UPSTART_JOB=unity7, JAVA_HOME=/home/ch/software/jdk1.8.0_144, TERM=xterm-256color, XDG_CONFIG_DIRS=/etc/xdg/xdg-ubuntu:/usr/share/upstart/xdg:/etc/xdg, XFILESEARCHPATH=/usr/dt/app-defaults/%L/Dt, LANG=zh_CN.UTF-8, GNOME_KEYRING_CONTROL=, XDG_SEAT_PATH=/org/freedesktop/DisplayManager/Seat0, XDG_SESSION_ID=c2, XDG_SESSION_TYPE=x11, DISPLAY=:0, MAVEN_CMD_LINE_ARGS= install, _=/usr/bin/mvn, GDM_LANG=zh_CN, LSCOLORS=Gxfxcxdxbxegedabagacad, XDG_GREETER_DATA_DIR=/var/lib/lightdm-data/ch, UPSTART_EVENTS=xsession started, GPG_AGENT_INFO=/home/ch/.gnupg/S.gpg-agent:0:1, MAVEN_PROJECTBASEDIR=/home/ch/workspace/Springboot-data, DESKTOP_SESSION=ubuntu, SESSION=ubuntu, USER=ch, CLASSPATH=/home/ch/software/idea-IU-172.4155.36/lib/bootstrap.jar:/home/ch/software/idea-IU-172.4155.36/lib/extensions.jar:/home/ch/software/idea-IU-172.4155.36/lib/util.jar:/home/ch/software/idea-IU-172.4155.36/lib/jdom.jar:/home/ch/software/idea-IU-172.4155.36/lib/log4j.jar:/home/ch/software/idea-IU-172.4155.36/lib/trove4j.jar:/home/ch/software/idea-IU-172.4155.36/lib/jna.jar:/home/ch/software/idea-IU-172.4155.36/jre64/lib/tools.jar, GIO_LAUNCHED_DESKTOP_FILE_PID=3170, QT_ACCESSIBILITY=1, SSH_AUTH_SOCK=/run/user/1000/keyring/ssh, XDG_SEAT=seat0, NLSPATH=/usr/dt/lib/nls/msg/%L/%N.cat, QT_QPA_PLATFORMTHEME=appmenu-qt5, XDG_VTNR=7, XDG_RUNTIME_DIR=/run/user/1000, HOME=/home/ch, GNOME_KEYRING_PID=}}]
10:22:28.288 [main] DEBUG org.springframework.core.io.support.PathMatchingResourcePatternResolver - Resolved classpath location [com/symphony/springbootdata/demo/] to resources [URL [file:/home/ch/workspace/Springboot-data/target/test-classes/com/symphony/springbootdata/demo/], URL [file:/home/ch/workspace/Springboot-data/target/classes/com/symphony/springbootdata/demo/]]
10:22:28.288 [main] DEBUG org.springframework.core.io.support.PathMatchingResourcePatternResolver - Looking for matching resources in directory tree [/home/ch/workspace/Springboot-data/target/test-classes/com/symphony/springbootdata/demo]
10:22:28.288 [main] DEBUG org.springframework.core.io.support.PathMatchingResourcePatternResolver - Searching directory [/home/ch/workspace/Springboot-data/target/test-classes/com/symphony/springbootdata/demo] for files matching pattern [/home/ch/workspace/Springboot-data/target/test-classes/com/symphony/springbootdata/demo/*.class]
10:22:28.289 [main] DEBUG org.springframework.core.io.support.PathMatchingResourcePatternResolver - Looking for matching resources in directory tree [/home/ch/workspace/Springboot-data/target/classes/com/symphony/springbootdata/demo]
10:22:28.289 [main] DEBUG org.springframework.core.io.support.PathMatchingResourcePatternResolver - Searching directory [/home/ch/workspace/Springboot-data/target/classes/com/symphony/springbootdata/demo] for files matching pattern [/home/ch/workspace/Springboot-data/target/classes/com/symphony/springbootdata/demo/*.class]
10:22:28.290 [main] DEBUG org.springframework.core.io.support.PathMatchingResourcePatternResolver - Resolved location pattern [classpath*:com/symphony/springbootdata/demo/*.class] to resources [file [/home/ch/workspace/Springboot-data/target/test-classes/com/symphony/springbootdata/demo/DemoApplicationTests.class], file [/home/ch/workspace/Springboot-data/target/test-classes/com/symphony/springbootdata/demo/GrilServiceTest.class], file [/home/ch/workspace/Springboot-data/target/classes/com/symphony/springbootdata/demo/DemoApplication.class], file [/home/ch/workspace/Springboot-data/target/classes/com/symphony/springbootdata/demo/GrilPro.class], file [/home/ch/workspace/Springboot-data/target/classes/com/symphony/springbootdata/demo/GrilRepository.class]]
10:22:28.293 [main] DEBUG org.springframework.context.annotation.ClassPathScanningCandidateComponentProvider - Identified candidate component class: file [/home/ch/workspace/Springboot-data/target/classes/com/symphony/springbootdata/demo/DemoApplication.class]
10:22:28.294 [main] INFO org.springframework.boot.test.context.SpringBootTestContextBootstrapper - Found @SpringBootConfiguration com.symphony.springbootdata.demo.DemoApplication for test class com.symphony.springbootdata.demo.DemoApplicationTests
10:22:28.296 [main] DEBUG org.springframework.boot.test.context.SpringBootTestContextBootstrapper - @TestExecutionListeners is not present for class [com.symphony.springbootdata.demo.DemoApplicationTests]: using defaults.
10:22:28.298 [main] INFO org.springframework.boot.test.context.SpringBootTestContextBootstrapper - Loaded default TestExecutionListener class names from location [META-INF/spring.factories]: [org.springframework.boot.test.mock.mockito.MockitoTestExecutionListener, org.springframework.boot.test.mock.mockito.ResetMocksTestExecutionListener, org.springframework.boot.test.autoconfigure.restdocs.RestDocsTestExecutionListener, org.springframework.boot.test.autoconfigure.web.client.MockRestServiceServerResetTestExecutionListener, org.springframework.boot.test.autoconfigure.web.servlet.MockMvcPrintOnlyOnFailureTestExecutionListener, org.springframework.boot.test.autoconfigure.web.servlet.WebDriverTestExecutionListener, org.springframework.test.context.web.ServletTestExecutionListener, org.springframework.test.context.support.DirtiesContextBeforeModesTestExecutionListener, org.springframework.test.context.support.DependencyInjectionTestExecutionListener, org.springframework.test.context.support.DirtiesContextTestExecutionListener, org.springframework.test.context.transaction.TransactionalTestExecutionListener, org.springframework.test.context.jdbc.SqlScriptsTestExecutionListener]
10:22:28.300 [main] INFO org.springframework.boot.test.context.SpringBootTestContextBootstrapper - Using TestExecutionListeners: [org.springframework.test.context.web.ServletTestExecutionListener@16aa0a0a, org.springframework.test.context.support.DirtiesContextBeforeModesTestExecutionListener@780cb77, org.springframework.boot.test.autoconfigure.SpringBootDependencyInjectionTestExecutionListener@691a7f8f, org.springframework.test.context.support.DirtiesContextTestExecutionListener@50a7bc6e, org.springframework.test.context.transaction.TransactionalTestExecutionListener@161b062a, org.springframework.test.context.jdbc.SqlScriptsTestExecutionListener@17c1bced, org.springframework.boot.test.autoconfigure.web.client.MockRestServiceServerResetTestExecutionListener@2d9d4f9d, org.springframework.boot.test.autoconfigure.web.servlet.WebDriverTestExecutionListener@4034c28c, org.springframework.boot.test.autoconfigure.web.servlet.MockMvcPrintOnlyOnFailureTestExecutionListener@e50a6f6, org.springframework.boot.test.mock.mockito.ResetMocksTestExecutionListener@14ec4505, org.springframework.boot.test.mock.mockito.MockitoTestExecutionListener@53ca01a2, org.springframework.boot.test.autoconfigure.restdocs.RestDocsTestExecutionListener@358c99f5]
10:22:28.306 [main] DEBUG org.springframework.test.context.junit4.SpringJUnit4ClassRunner - SpringJUnit4ClassRunner constructor called with [class com.symphony.springbootdata.demo.GrilServiceTest]
10:22:28.306 [main] DEBUG org.springframework.test.context.BootstrapUtils - Instantiating CacheAwareContextLoaderDelegate from class [org.springframework.test.context.cache.DefaultCacheAwareContextLoaderDelegate]
10:22:28.306 [main] DEBUG org.springframework.test.context.BootstrapUtils - Instantiating BootstrapContext using constructor [public org.springframework.test.context.support.DefaultBootstrapContext(java.lang.Class,org.springframework.test.context.CacheAwareContextLoaderDelegate)]
10:22:28.307 [main] DEBUG org.springframework.test.context.BootstrapUtils - Instantiating TestContextBootstrapper for test class [com.symphony.springbootdata.demo.GrilServiceTest] from class [org.springframework.boot.test.context.SpringBootTestContextBootstrapper]
10:22:28.307 [main] INFO org.springframework.boot.test.context.SpringBootTestContextBootstrapper - Neither @ContextConfiguration nor @ContextHierarchy found for test class [com.symphony.springbootdata.demo.GrilServiceTest], using SpringBootContextLoader
10:22:28.308 [main] DEBUG org.springframework.test.context.support.AbstractContextLoader - Did not detect default resource location for test class [com.symphony.springbootdata.demo.GrilServiceTest]: class path resource [com/symphony/springbootdata/demo/GrilServiceTest-context.xml] does not exist
10:22:28.308 [main] DEBUG org.springframework.test.context.support.AbstractContextLoader - Did not detect default resource location for test class [com.symphony.springbootdata.demo.GrilServiceTest]: class path resource [com/symphony/springbootdata/demo/GrilServiceTestContext.groovy] does not exist
10:22:28.308 [main] INFO org.springframework.test.context.support.AbstractContextLoader - Could not detect default resource locations for test class [com.symphony.springbootdata.demo.GrilServiceTest]: no resource found for suffixes {-context.xml, Context.groovy}.
10:22:28.309 [main] INFO org.springframework.test.context.support.AnnotationConfigContextLoaderUtils - Could not detect default configuration classes for test class [com.symphony.springbootdata.demo.GrilServiceTest]: GrilServiceTest does not declare any static, non-private, non-final, nested classes annotated with @Configuration.
10:22:28.314 [main] DEBUG org.springframework.test.context.support.ActiveProfilesUtils - Could not find an 'annotation declaring class' for annotation type [org.springframework.test.context.ActiveProfiles] and class [com.symphony.springbootdata.demo.GrilServiceTest]
10:22:28.314 [main] DEBUG org.springframework.core.env.StandardEnvironment - Adding PropertySource 'systemProperties' with lowest search precedence
10:22:28.314 [main] DEBUG org.springframework.core.env.StandardEnvironment - Adding PropertySource 'systemEnvironment' with lowest search precedence
10:22:28.315 [main] DEBUG org.springframework.core.env.StandardEnvironment - Initialized StandardEnvironment with PropertySources [MapPropertySource@1908981452 {name='systemProperties', properties={java.runtime.name=Java(TM) SE Runtime Environment, sun.boot.library.path=/home/ch/software/jdk1.8.0_144/jre/lib/amd64, java.vm.version=25.144-b01, java.vm.vendor=Oracle Corporation, java.vendor.url=http://java.oracle.com/, path.separator=:, java.vm.name=Java HotSpot(TM) 64-Bit Server VM, file.encoding.pkg=sun.io, user.country=CN, sun.java.launcher=SUN_STANDARD, sun.os.patch.level=unknown, java.vm.specification.name=Java Virtual Machine Specification, user.dir=/home/ch/workspace/Springboot-data, java.runtime.version=1.8.0_144-b01, basedir=/home/ch/workspace/Springboot-data, java.awt.graphicsenv=sun.awt.X11GraphicsEnvironment, java.endorsed.dirs=/home/ch/software/jdk1.8.0_144/jre/lib/endorsed, os.arch=amd64, surefire.real.class.path=/home/ch/workspace/Springboot-data/target/surefire/surefirebooter2369202091142597777.jar, java.io.tmpdir=/tmp, line.separator=
, java.vm.specification.vendor=Oracle Corporation, os.name=Linux, sun.jnu.encoding=UTF-8, java.library.path=/home/ch/software/idea-IU-172.4155.36/bin::/usr/java/packages/lib/amd64:/usr/lib64:/lib64:/lib:/usr/lib, surefire.test.class.path=/home/ch/workspace/Springboot-data/target/test-classes:/home/ch/workspace/Springboot-data/target/classes:/home/ch/.m2/repository/org/springframework/boot/spring-boot-starter-data-jpa/1.5.8.RELEASE/spring-boot-starter-data-jpa-1.5.8.RELEASE.jar:/home/ch/.m2/repository/org/springframework/boot/spring-boot-starter/1.5.8.RELEASE/spring-boot-starter-1.5.8.RELEASE.jar:/home/ch/.m2/repository/org/springframework/boot/spring-boot/1.5.8.RELEASE/spring-boot-1.5.8.RELEASE.jar:/home/ch/.m2/repository/org/springframework/boot/spring-boot-autoconfigure/1.5.8.RELEASE/spring-boot-autoconfigure-1.5.8.RELEASE.jar:/home/ch/.m2/repository/org/springframework/boot/spring-boot-starter-logging/1.5.8.RELEASE/spring-boot-starter-logging-1.5.8.RELEASE.jar:/home/ch/.m2/repository/ch/qos/logback/logback-classic/1.1.11/logback-classic-1.1.11.jar:/home/ch/.m2/repository/ch/qos/logback/logback-core/1.1.11/logback-core-1.1.11.jar:/home/ch/.m2/repository/org/slf4j/jul-to-slf4j/1.7.25/jul-to-slf4j-1.7.25.jar:/home/ch/.m2/repository/org/slf4j/log4j-over-slf4j/1.7.25/log4j-over-slf4j-1.7.25.jar:/home/ch/.m2/repository/org/yaml/snakeyaml/1.17/snakeyaml-1.17.jar:/home/ch/.m2/repository/org/springframework/boot/spring-boot-starter-aop/1.5.8.RELEASE/spring-boot-starter-aop-1.5.8.RELEASE.jar:/home/ch/.m2/repository/org/springframework/spring-aop/4.3.12.RELEASE/spring-aop-4.3.12.RELEASE.jar:/home/ch/.m2/repository/org/aspectj/aspectjweaver/1.8.11/aspectjweaver-1.8.11.jar:/home/ch/.m2/repository/org/springframework/boot/spring-boot-starter-jdbc/1.5.8.RELEASE/spring-boot-starter-jdbc-1.5.8.RELEASE.jar:/home/ch/.m2/repository/org/apache/tomcat/tomcat-jdbc/8.5.23/tomcat-jdbc-8.5.23.jar:/home/ch/.m2/repository/org/apache/tomcat/tomcat-juli/8.5.23/tomcat-juli-8.5.23.jar:/home/ch/.m2/repository/org/springframework/spring-jdbc/4.3.12.RELEASE/spring-jdbc-4.3.12.RELEASE.jar:/home/ch/.m2/repository/org/hibernate/hibernate-core/5.0.12.Final/hibernate-core-5.0.12.Final.jar:/home/ch/.m2/repository/org/jboss/logging/jboss-logging/3.3.1.Final/jboss-logging-3.3.1.Final.jar:/home/ch/.m2/repository/org/hibernate/javax/persistence/hibernate-jpa-2.1-api/1.0.0.Final/hibernate-jpa-2.1-api-1.0.0.Final.jar:/home/ch/.m2/repository/org/javassist/javassist/3.21.0-GA/javassist-3.21.0-GA.jar:/home/ch/.m2/repository/antlr/antlr/2.7.7/antlr-2.7.7.jar:/home/ch/.m2/repository/org/jboss/jandex/2.0.0.Final/jandex-2.0.0.Final.jar:/home/ch/.m2/repository/dom4j/dom4j/1.6.1/dom4j-1.6.1.jar:/home/ch/.m2/repository/org/hibernate/common/hibernate-commons-annotations/5.0.1.Final/hibernate-commons-annotations-5.0.1.Final.jar:/home/ch/.m2/repository/org/hibernate/hibernate-entitymanager/5.0.12.Final/hibernate-entitymanager-5.0.12.Final.jar:/home/ch/.m2/repository/javax/transaction/javax.transaction-api/1.2/javax.transaction-api-1.2.jar:/home/ch/.m2/repository/org/springframework/data/spring-data-jpa/1.11.8.RELEASE/spring-data-jpa-1.11.8.RELEASE.jar:/home/ch/.m2/repository/org/springframework/data/spring-data-commons/1.13.8.RELEASE/spring-data-commons-1.13.8.RELEASE.jar:/home/ch/.m2/repository/org/springframework/spring-orm/4.3.12.RELEASE/spring-orm-4.3.12.RELEASE.jar:/home/ch/.m2/repository/org/springframework/spring-context/4.3.12.RELEASE/spring-context-4.3.12.RELEASE.jar:/home/ch/.m2/repository/org/springframework/spring-tx/4.3.12.RELEASE/spring-tx-4.3.12.RELEASE.jar:/home/ch/.m2/repository/org/springframework/spring-beans/4.3.12.RELEASE/spring-beans-4.3.12.RELEASE.jar:/home/ch/.m2/repository/org/slf4j/slf4j-api/1.7.25/slf4j-api-1.7.25.jar:/home/ch/.m2/repository/org/slf4j/jcl-over-slf4j/1.7.25/jcl-over-slf4j-1.7.25.jar:/home/ch/.m2/repository/org/springframework/spring-aspects/4.3.12.RELEASE/spring-aspects-4.3.12.RELEASE.jar:/home/ch/.m2/repository/org/springframework/boot/spring-boot-starter-web/1.5.8.RELEASE/spring-boot-starter-web-1.5.8.RELEASE.jar:/home/ch/.m2/repository/org/springframework/boot/spring-boot-starter-tomcat/1.5.8.RELEASE/spring-boot-starter-tomcat-1.5.8.RELEASE.jar:/home/ch/.m2/repository/org/apache/tomcat/embed/tomcat-embed-core/8.5.23/tomcat-embed-core-8.5.23.jar:/home/ch/.m2/repository/org/apache/tomcat/tomcat-annotations-api/8.5.23/tomcat-annotations-api-8.5.23.jar:/home/ch/.m2/repository/org/apache/tomcat/embed/tomcat-embed-el/8.5.23/tomcat-embed-el-8.5.23.jar:/home/ch/.m2/repository/org/apache/tomcat/embed/tomcat-embed-websocket/8.5.23/tomcat-embed-websocket-8.5.23.jar:/home/ch/.m2/repository/org/hibernate/hibernate-validator/5.3.5.Final/hibernate-validator-5.3.5.Final.jar:/home/ch/.m2/repository/javax/validation/validation-api/1.1.0.Final/validation-api-1.1.0.Final.jar:/home/ch/.m2/repository/com/fasterxml/classmate/1.3.4/classmate-1.3.4.jar:/home/ch/.m2/repository/com/fasterxml/jackson/core/jackson-databind/2.8.10/jackson-databind-2.8.10.jar:/home/ch/.m2/repository/com/fasterxml/jackson/core/jackson-annotations/2.8.0/jackson-annotations-2.8.0.jar:/home/ch/.m2/repository/com/fasterxml/jackson/core/jackson-core/2.8.10/jackson-core-2.8.10.jar:/home/ch/.m2/repository/org/springframework/spring-web/4.3.12.RELEASE/spring-web-4.3.12.RELEASE.jar:/home/ch/.m2/repository/org/springframework/spring-webmvc/4.3.12.RELEASE/spring-webmvc-4.3.12.RELEASE.jar:/home/ch/.m2/repository/org/springframework/spring-expression/4.3.12.RELEASE/spring-expression-4.3.12.RELEASE.jar:/home/ch/.m2/repository/mysql/mysql-connector-java/5.1.44/mysql-connector-java-5.1.44.jar:/home/ch/.m2/repository/org/springframework/boot/spring-boot-starter-test/1.5.8.RELEASE/spring-boot-starter-test-1.5.8.RELEASE.jar:/home/ch/.m2/repository/org/springframework/boot/spring-boot-test/1.5.8.RELEASE/spring-boot-test-1.5.8.RELEASE.jar:/home/ch/.m2/repository/org/springframework/boot/spring-boot-test-autoconfigure/1.5.8.RELEASE/spring-boot-test-autoconfigure-1.5.8.RELEASE.jar:/home/ch/.m2/repository/com/jayway/jsonpath/json-path/2.2.0/json-path-2.2.0.jar:/home/ch/.m2/repository/net/minidev/json-smart/2.2.1/json-smart-2.2.1.jar:/home/ch/.m2/repository/net/minidev/accessors-smart/1.1/accessors-smart-1.1.jar:/home/ch/.m2/repository/org/ow2/asm/asm/5.0.3/asm-5.0.3.jar:/home/ch/.m2/repository/junit/junit/4.12/junit-4.12.jar:/home/ch/.m2/repository/org/assertj/assertj-core/2.6.0/assertj-core-2.6.0.jar:/home/ch/.m2/repository/org/mockito/mockito-core/1.10.19/mockito-core-1.10.19.jar:/home/ch/.m2/repository/org/objenesis/objenesis/2.1/objenesis-2.1.jar:/home/ch/.m2/repository/org/hamcrest/hamcrest-core/1.3/hamcrest-core-1.3.jar:/home/ch/.m2/repository/org/hamcrest/hamcrest-library/1.3/hamcrest-library-1.3.jar:/home/ch/.m2/repository/org/skyscreamer/jsonassert/1.4.0/jsonassert-1.4.0.jar:/home/ch/.m2/repository/com/vaadin/external/google/android-json/0.0.20131108.vaadin1/android-json-0.0.20131108.vaadin1.jar:/home/ch/.m2/repository/org/springframework/spring-core/4.3.12.RELEASE/spring-core-4.3.12.RELEASE.jar:/home/ch/.m2/repository/org/springframework/spring-test/4.3.12.RELEASE/spring-test-4.3.12.RELEASE.jar:/home/ch/.m2/repository/org/projectlombok/lombok/1.16.18/lombok-1.16.18.jar:, java.specification.name=Java Platform API Specification, java.class.version=52.0, sun.management.compiler=HotSpot 64-Bit Tiered Compilers, os.version=4.10.0-40-generic, user.home=/home/ch, user.timezone=Asia/Shanghai, java.awt.printerjob=sun.print.PSPrinterJob, file.encoding=UTF-8, java.specification.version=1.8, java.class.path=/home/ch/workspace/Springboot-data/target/test-classes:/home/ch/workspace/Springboot-data/target/classes:/home/ch/.m2/repository/org/springframework/boot/spring-boot-starter-data-jpa/1.5.8.RELEASE/spring-boot-starter-data-jpa-1.5.8.RELEASE.jar:/home/ch/.m2/repository/org/springframework/boot/spring-boot-starter/1.5.8.RELEASE/spring-boot-starter-1.5.8.RELEASE.jar:/home/ch/.m2/repository/org/springframework/boot/spring-boot/1.5.8.RELEASE/spring-boot-1.5.8.RELEASE.jar:/home/ch/.m2/repository/org/springframework/boot/spring-boot-autoconfigure/1.5.8.RELEASE/spring-boot-autoconfigure-1.5.8.RELEASE.jar:/home/ch/.m2/repository/org/springframework/boot/spring-boot-starter-logging/1.5.8.RELEASE/spring-boot-starter-logging-1.5.8.RELEASE.jar:/home/ch/.m2/repository/ch/qos/logback/logback-classic/1.1.11/logback-classic-1.1.11.jar:/home/ch/.m2/repository/ch/qos/logback/logback-core/1.1.11/logback-core-1.1.11.jar:/home/ch/.m2/repository/org/slf4j/jul-to-slf4j/1.7.25/jul-to-slf4j-1.7.25.jar:/home/ch/.m2/repository/org/slf4j/log4j-over-slf4j/1.7.25/log4j-over-slf4j-1.7.25.jar:/home/ch/.m2/repository/org/yaml/snakeyaml/1.17/snakeyaml-1.17.jar:/home/ch/.m2/repository/org/springframework/boot/spring-boot-starter-aop/1.5.8.RELEASE/spring-boot-starter-aop-1.5.8.RELEASE.jar:/home/ch/.m2/repository/org/springframework/spring-aop/4.3.12.RELEASE/spring-aop-4.3.12.RELEASE.jar:/home/ch/.m2/repository/org/aspectj/aspectjweaver/1.8.11/aspectjweaver-1.8.11.jar:/home/ch/.m2/repository/org/springframework/boot/spring-boot-starter-jdbc/1.5.8.RELEASE/spring-boot-starter-jdbc-1.5.8.RELEASE.jar:/home/ch/.m2/repository/org/apache/tomcat/tomcat-jdbc/8.5.23/tomcat-jdbc-8.5.23.jar:/home/ch/.m2/repository/org/apache/tomcat/tomcat-juli/8.5.23/tomcat-juli-8.5.23.jar:/home/ch/.m2/repository/org/springframework/spring-jdbc/4.3.12.RELEASE/spring-jdbc-4.3.12.RELEASE.jar:/home/ch/.m2/repository/org/hibernate/hibernate-core/5.0.12.Final/hibernate-core-5.0.12.Final.jar:/home/ch/.m2/repository/org/jboss/logging/jboss-logging/3.3.1.Final/jboss-logging-3.3.1.Final.jar:/home/ch/.m2/repository/org/hibernate/javax/persistence/hibernate-jpa-2.1-api/1.0.0.Final/hibernate-jpa-2.1-api-1.0.0.Final.jar:/home/ch/.m2/repository/org/javassist/javassist/3.21.0-GA/javassist-3.21.0-GA.jar:/home/ch/.m2/repository/antlr/antlr/2.7.7/antlr-2.7.7.jar:/home/ch/.m2/repository/org/jboss/jandex/2.0.0.Final/jandex-2.0.0.Final.jar:/home/ch/.m2/repository/dom4j/dom4j/1.6.1/dom4j-1.6.1.jar:/home/ch/.m2/repository/org/hibernate/common/hibernate-commons-annotations/5.0.1.Final/hibernate-commons-annotations-5.0.1.Final.jar:/home/ch/.m2/repository/org/hibernate/hibernate-entitymanager/5.0.12.Final/hibernate-entitymanager-5.0.12.Final.jar:/home/ch/.m2/repository/javax/transaction/javax.transaction-api/1.2/javax.transaction-api-1.2.jar:/home/ch/.m2/repository/org/springframework/data/spring-data-jpa/1.11.8.RELEASE/spring-data-jpa-1.11.8.RELEASE.jar:/home/ch/.m2/repository/org/springframework/data/spring-data-commons/1.13.8.RELEASE/spring-data-commons-1.13.8.RELEASE.jar:/home/ch/.m2/repository/org/springframework/spring-orm/4.3.12.RELEASE/spring-orm-4.3.12.RELEASE.jar:/home/ch/.m2/repository/org/springframework/spring-context/4.3.12.RELEASE/spring-context-4.3.12.RELEASE.jar:/home/ch/.m2/repository/org/springframework/spring-tx/4.3.12.RELEASE/spring-tx-4.3.12.RELEASE.jar:/home/ch/.m2/repository/org/springframework/spring-beans/4.3.12.RELEASE/spring-beans-4.3.12.RELEASE.jar:/home/ch/.m2/repository/org/slf4j/slf4j-api/1.7.25/slf4j-api-1.7.25.jar:/home/ch/.m2/repository/org/slf4j/jcl-over-slf4j/1.7.25/jcl-over-slf4j-1.7.25.jar:/home/ch/.m2/repository/org/springframework/spring-aspects/4.3.12.RELEASE/spring-aspects-4.3.12.RELEASE.jar:/home/ch/.m2/repository/org/springframework/boot/spring-boot-starter-web/1.5.8.RELEASE/spring-boot-starter-web-1.5.8.RELEASE.jar:/home/ch/.m2/repository/org/springframework/boot/spring-boot-starter-tomcat/1.5.8.RELEASE/spring-boot-starter-tomcat-1.5.8.RELEASE.jar:/home/ch/.m2/repository/org/apache/tomcat/embed/tomcat-embed-core/8.5.23/tomcat-embed-core-8.5.23.jar:/home/ch/.m2/repository/org/apache/tomcat/tomcat-annotations-api/8.5.23/tomcat-annotations-api-8.5.23.jar:/home/ch/.m2/repository/org/apache/tomcat/embed/tomcat-embed-el/8.5.23/tomcat-embed-el-8.5.23.jar:/home/ch/.m2/repository/org/apache/tomcat/embed/tomcat-embed-websocket/8.5.23/tomcat-embed-websocket-8.5.23.jar:/home/ch/.m2/repository/org/hibernate/hibernate-validator/5.3.5.Final/hibernate-validator-5.3.5.Final.jar:/home/ch/.m2/repository/javax/validation/validation-api/1.1.0.Final/validation-api-1.1.0.Final.jar:/home/ch/.
[...]
/home/ch/software/jdk1.8.0_144/jre/lib/charsets.jar:/home/ch/software/jdk1.8.0_144/jre/lib/jfr.jar:/home/ch/software/jdk1.8.0_144/jre/classes, java.vendor=Oracle Corporation, localRepository=/home/ch/.m2/repository, file.separator=/, java.vendor.url.bug=http://bugreport.sun.com/bugreport/, sun.io.unicode.encoding=UnicodeLittle, sun.cpu.endian=little, sun.desktop=gnome, sun.cpu.isalist=}}, SystemEnvironmentPropertySource@1047087935 {name='systemEnvironment', properties={PATH=/home/ch/bin:/home/ch/.local/bin:/home/ch/software/jdk1.8.0_144/bin:/usr/local/sbin:/usr/local/bin:/usr/sbin:/usr/bin:/sbin:/bin:/usr/games:/usr/local/games:/snap/bin, XAUTHORITY=/home/ch/.Xauthority, XMODIFIERS=@im=fcitx, ZDOTDIR=, XDG_DATA_DIRS=/usr/share/ubuntu:/usr/share/gnome:/usr/local/share/:/usr/share/:/var/lib/snapd/desktop, GDMSESSION=ubuntu, MANDATORY_PATH=/usr/share/gconf/ubuntu.mandatory.path, GTK_IM_MODULE=fcitx, DBUS_SESSION_BUS_ADDRESS=unix:abstract=/tmp/dbus-LAiRtkjzQ7, DEFAULTS_PATH=/usr/share/gconf/ubuntu.default.path, XDG_CURRENT_DESKTOP=Unity, JRE_HOME=/home/ch/software/jdk1.8.0_144/jre, LD_LIBRARY_PATH=/home/ch/software/idea-IU-172.4155.36/bin:, UPSTART_SESSION=unix:abstract=/com/ubuntu/upstart-session/1000/2130, QT4_IM_MODULE=fcitx, QT_LINUX_ACCESSIBILITY_ALWAYS_ON=1, LOGNAME=ch, JOB=unity-settings-daemon, PWD=/home/ch/workspace/Springboot-data, IM_CONFIG_PHASE=1, LANGUAGE=zh_CN:zh, SHELL=/bin/zsh, PAGER=less, GIO_LAUNCHED_DESKTOP_FILE=/home/ch/.local/share/applications/jetbrains-idea.desktop, GTK2_MODULES=overlay-scrollbar, INSTANCE=, OLDPWD=/home/ch/workspace/Springboot-data, ZSH=/home/ch/.oh-my-zsh, GNOME_DESKTOP_SESSION_ID=this-is-deprecated, UPSTART_INSTANCE=, GTK_MODULES=gail:atk-bridge:unity-gtk-module, CLUTTER_IM_MODULE=xim, XDG_SESSION_PATH=/org/freedesktop/DisplayManager/Session0, LESS=-R, COMPIZ_BIN_PATH=/usr/bin/, SESSIONTYPE=gnome-session, LC_CTYPE=zh_CN.UTF-8, LS_COLORS=rs=0:di=01;34:ln=01;36:mh=00:pi=40;33:so=01;35:do=01;35:bd=40;33;01:cd=40;33;01:or=40;31;01:mi=00:su=37;41:sg=30;43:ca=30;41:tw=30;42:ow=34;42:st=37;44:ex=01;32:*.tar=01;31:*.tgz=01;31:*.arc=01;31:*.arj=01;31:*.taz=01;31:*.lha=01;31:*.lz4=01;31:*.lzh=01;31:*.lzma=01;31:*.tlz=01;31:*.txz=01;31:*.tzo=01;31:*.t7z=01;31:*.zip=01;31:*.z=01;31:*.Z=01;31:*.dz=01;31:*.gz=01;31:*.lrz=01;31:*.lz=01;31:*.lzo=01;31:*.xz=01;31:*.bz2=01;31:*.bz=01;31:*.tbz=01;31:*.tbz2=01;31:*.tz=01;31:*.deb=01;31:*.rpm=01;31:*.jar=01;31:*.war=01;31:*.ear=01;31:*.sar=01;31:*.rar=01;31:*.alz=01;31:*.ace=01;31:*.zoo=01;31:*.cpio=01;31:*.7z=01;31:*.rz=01;31:*.cab=01;31:*.jpg=01;35:*.jpeg=01;35:*.gif=01;35:*.bmp=01;35:*.pbm=01;35:*.pgm=01;35:*.ppm=01;35:*.tga=01;35:*.xbm=01;35:*.xpm=01;35:*.tif=01;35:*.tiff=01;35:*.png=01;35:*.svg=01;35:*.svgz=01;35:*.mng=01;35:*.pcx=01;35:*.mov=01;35:*.mpg=01;35:*.mpeg=01;35:*.m2v=01;35:*.mkv=01;35:*.webm=01;35:*.ogm=01;35:*.mp4=01;35:*.m4v=01;35:*.mp4v=01;35:*.vob=01;35:*.qt=01;35:*.nuv=01;35:*.wmv=01;35:*.asf=01;35:*.rm=01;35:*.rmvb=01;35:*.flc=01;35:*.avi=01;35:*.fli=01;35:*.flv=01;35:*.gl=01;35:*.dl=01;35:*.xcf=01;35:*.xwd=01;35:*.yuv=01;35:*.cgm=01;35:*.emf=01;35:*.ogv=01;35:*.ogx=01;35:*.aac=00;36:*.au=00;36:*.flac=00;36:*.m4a=00;36:*.mid=00;36:*.midi=00;36:*.mka=00;36:*.mp3=00;36:*.mpc=00;36:*.ogg=00;36:*.ra=00;36:*.wav=00;36:*.oga=00;36:*.opus=00;36:*.spx=00;36:*.xspf=00;36:, XDG_SESSION_DESKTOP=ubuntu, SHLVL=1, COMPIZ_CONFIG_PROFILE=ubuntu, QT_IM_MODULE=fcitx, UPSTART_JOB=unity7, JAVA_HOME=/home/ch/software/jdk1.8.0_144, TERM=xterm-256color, XDG_CONFIG_DIRS=/etc/xdg/xdg-ubuntu:/usr/share/upstart/xdg:/etc/xdg, XFILESEARCHPATH=/usr/dt/app-defaults/%L/Dt, LANG=zh_CN.UTF-8, GNOME_KEYRING_CONTROL=, XDG_SEAT_PATH=/org/freedesktop/DisplayManager/Seat0, XDG_SESSION_ID=c2, XDG_SESSION_TYPE=x11, DISPLAY=:0, MAVEN_CMD_LINE_ARGS= install, _=/usr/bin/mvn, GDM_LANG=zh_CN, LSCOLORS=Gxfxcxdxbxegedabagacad, XDG_GREETER_DATA_DIR=/var/lib/lightdm-data/ch, UPSTART_EVENTS=xsession started, GPG_AGENT_INFO=/home/ch/.gnupg/S.gpg-agent:0:1, MAVEN_PROJECTBASEDIR=/home/ch/workspace/Springboot-data, DESKTOP_SESSION=ubuntu, SESSION=ubuntu, USER=ch, CLASSPATH=/home/ch/software/idea-IU-172.4155.36/lib/bootstrap.jar:/home/ch/software/idea-IU-172.4155.36/lib/extensions.jar:/home/ch/software/idea-IU-172.4155.36/lib/util.jar:/home/ch/software/idea-IU-172.4155.36/lib/jdom.jar:/home/ch/software/idea-IU-172.4155.36/lib/log4j.jar:/home/ch/software/idea-IU-172.4155.36/lib/trove4j.jar:/home/ch/software/idea-IU-172.4155.36/lib/jna.jar:/home/ch/software/idea-IU-172.4155.36/jre64/lib/tools.jar, GIO_LAUNCHED_DESKTOP_FILE_PID=3170, QT_ACCESSIBILITY=1, SSH_AUTH_SOCK=/run/user/1000/keyring/ssh, XDG_SEAT=seat0, NLSPATH=/usr/dt/lib/nls/msg/%L/%N.cat, QT_QPA_PLATFORMTHEME=appmenu-qt5, XDG_VTNR=7, XDG_RUNTIME_DIR=/run/user/1000, HOME=/home/ch, GNOME_KEYRING_PID=}}]
10:22:28.406 [main] DEBUG org.springframework.core.env.MutablePropertySources - Adding PropertySource 'inline' with highest search precedence
10:22:28.412 [main] DEBUG org.springframework.test.context.support.TestPropertySourceUtils - Adding inlined properties to environment: {spring.jmx.enabled=false, org.springframework.boot.test.context.SpringBootTestContextBootstrapper=true, server.port=-1}
10:22:28.412 [main] DEBUG org.springframework.core.env.StandardEnvironment - Adding PropertySource 'Inlined Test Properties' with highest search precedence

  .   ____          _            __ _ _
 /\\ / ___'_ __ _ _(_)_ __  __ _ \ \ \ \
( ( )\___ | '_ | '_| | '_ \/ _` | \ \ \ \
 \\/  ___)| |_)| | | | | || (_| |  ) ) ) )
  '  |____| .__|_| |_|_| |_\__, | / / / /
 =========|_|==============|___/=/_/_/_/
 :: Spring Boot ::        (v1.5.8.RELEASE)

2017-12-06 10:22:28.775  INFO 6847 --- [           main] c.s.s.demo.service.GrilServiceTest       : Starting GrilServiceTest on ch-pc with PID 6847 (started by ch in /home/ch/workspace/Springboot-data)
2017-12-06 10:22:28.776  INFO 6847 --- [           main] c.s.s.demo.service.GrilServiceTest       : The following profiles are active: prod
2017-12-06 10:22:28.795  INFO 6847 --- [           main] o.s.w.c.s.GenericWebApplicationContext   : Refreshing org.springframework.web.context.support.GenericWebApplicationContext@2f01783a: startup date [Wed Dec 06 10:22:28 CST 2017]; root of context hierarchy
2017-12-06 10:22:30.701  INFO 6847 --- [           main] j.LocalContainerEntityManagerFactoryBean : Building JPA container EntityManagerFactory for persistence unit 'default'
2017-12-06 10:22:30.715  INFO 6847 --- [           main] o.hibernate.jpa.internal.util.LogHelper  : HHH000204: Processing PersistenceUnitInfo [
	name: default
	...]
2017-12-06 10:22:30.780  INFO 6847 --- [           main] org.hibernate.Version                    : HHH000412: Hibernate Core {5.0.12.Final}
2017-12-06 10:22:30.782  INFO 6847 --- [           main] org.hibernate.cfg.Environment            : HHH000206: hibernate.properties not found
2017-12-06 10:22:30.783  INFO 6847 --- [           main] org.hibernate.cfg.Environment            : HHH000021: Bytecode provider name : javassist
2017-12-06 10:22:30.817  INFO 6847 --- [           main] o.hibernate.annotations.common.Version   : HCANN000001: Hibernate Commons Annotations {5.0.1.Final}
2017-12-06 10:22:30.927  INFO 6847 --- [           main] org.hibernate.dialect.Dialect            : HHH000400: Using dialect: org.hibernate.dialect.MySQL5Dialect
2017-12-06 10:22:31.355  INFO 6847 --- [           main] org.hibernate.tool.hbm2ddl.SchemaUpdate  : HHH000228: Running hbm2ddl schema update
2017-12-06 10:22:31.413  INFO 6847 --- [           main] j.LocalContainerEntityManagerFactoryBean : Initialized JPA EntityManagerFactory for persistence unit 'default'
2017-12-06 10:22:31.863  INFO 6847 --- [           main] o.s.b.t.m.w.SpringBootMockServletContext : Initializing Spring FrameworkServlet ''
2017-12-06 10:22:31.864  INFO 6847 --- [           main] o.s.t.web.servlet.TestDispatcherServlet  : FrameworkServlet '': initialization started
2017-12-06 10:22:32.054  INFO 6847 --- [           main] s.w.s.m.m.a.RequestMappingHandlerMapping : Mapped "{[/test],methods=[GET]}" onto public java.lang.String com.symphony.springbootdata.demo.controller.GrilController.H(java.lang.Integer)
2017-12-06 10:22:32.056  INFO 6847 --- [           main] s.w.s.m.m.a.RequestMappingHandlerMapping : Mapped "{[/grils/agee/{age}],methods=[GET]}" onto public java.util.List<com.symphony.springbootdata.demo.domain.Gril> com.symphony.springbootdata.demo.controller.GrilController.findByAge(java.lang.Integer)
2017-12-06 10:22:32.057  INFO 6847 --- [           main] s.w.s.m.m.a.RequestMappingHandlerMapping : Mapped "{[/grils],methods=[POST]}" onto public com.symphony.springbootdata.demo.Result.GrilResult com.symphony.springbootdata.demo.controller.GrilController.addUser(com.symphony.springbootdata.demo.domain.Gril,org.springframework.validation.BindingResult)
2017-12-06 10:22:32.058  INFO 6847 --- [           main] s.w.s.m.m.a.RequestMappingHandlerMapping : Mapped "{[/hello],methods=[GET]}" onto public java.lang.String com.symphony.springbootdata.demo.controller.GrilController.sayHello()
2017-12-06 10:22:32.059  INFO 6847 --- [           main] s.w.s.m.m.a.RequestMappingHandlerMapping : Mapped "{[/{id}/test],methods=[GET]}" onto public java.lang.String com.symphony.springbootdata.demo.controller.GrilController.He(java.lang.Integer)
2017-12-06 10:22:32.059  INFO 6847 --- [           main] s.w.s.m.m.a.RequestMappingHandlerMapping : Mapped "{[/grils],methods=[GET]}" onto public java.util.List<com.symphony.springbootdata.demo.domain.Gril> com.symphony.springbootdata.demo.controller.GrilController.findUser()
2017-12-06 10:22:32.060  INFO 6847 --- [           main] s.w.s.m.m.a.RequestMappingHandlerMapping : Mapped "{[/grils/{id}],methods=[GET]}" onto public com.symphony.springbootdata.demo.domain.Gril com.symphony.springbootdata.demo.controller.GrilController.finOneGril(java.lang.Integer)
2017-12-06 10:22:32.060  INFO 6847 --- [           main] s.w.s.m.m.a.RequestMappingHandlerMapping : Mapped "{[/grils/{id}],methods=[PUT]}" onto public com.symphony.springbootdata.demo.domain.Gril com.symphony.springbootdata.demo.controller.GrilController.updataGril(java.lang.Integer,java.lang.String,java.lang.Integer)
2017-12-06 10:22:32.061  INFO 6847 --- [           main] s.w.s.m.m.a.RequestMappingHandlerMapping : Mapped "{[/grils/{id}],methods=[DELETE]}" onto public void com.symphony.springbootdata.demo.controller.GrilController.delGril(java.lang.Integer)
2017-12-06 10:22:32.066  INFO 6847 --- [           main] s.w.s.m.m.a.RequestMappingHandlerMapping : Mapped "{[/error],produces=[text/html]}" onto public org.springframework.web.servlet.ModelAndView org.springframework.boot.autoconfigure.web.BasicErrorController.errorHtml(javax.servlet.http.HttpServletRequest,javax.servlet.http.HttpServletResponse)
2017-12-06 10:22:32.067  INFO 6847 --- [           main] s.w.s.m.m.a.RequestMappingHandlerMapping : Mapped "{[/error]}" onto public org.springframework.http.ResponseEntity<java.util.Map<java.lang.String, java.lang.Object>> org.springframework.boot.autoconfigure.web.BasicErrorController.error(javax.servlet.http.HttpServletRequest)
2017-12-06 10:22:32.114  INFO 6847 --- [           main] o.s.w.s.handler.SimpleUrlHandlerMapping  : Mapped URL path [/webjars/**] onto handler of type [class org.springframework.web.servlet.resource.ResourceHttpRequestHandler]
2017-12-06 10:22:32.114  INFO 6847 --- [           main] o.s.w.s.handler.SimpleUrlHandlerMapping  : Mapped URL path [/**] onto handler of type [class org.springframework.web.servlet.resource.ResourceHttpRequestHandler]
2017-12-06 10:22:32.137  INFO 6847 --- [           main] o.s.w.s.handler.SimpleUrlHandlerMapping  : Mapped URL path [/**/favicon.ico] onto handler of type [class org.springframework.web.servlet.resource.ResourceHttpRequestHandler]
2017-12-06 10:22:32.405  INFO 6847 --- [           main] s.w.s.m.m.a.RequestMappingHandlerAdapter : Looking for @ControllerAdvice: org.springframework.web.context.support.GenericWebApplicationContext@2f01783a: startup date [Wed Dec 06 10:22:28 CST 2017]; root of context hierarchy
2017-12-06 10:22:32.546  INFO 6847 --- [           main] o.s.t.web.servlet.TestDispatcherServlet  : FrameworkServlet '': initialization completed in 682 ms
2017-12-06 10:22:32.861  INFO 6847 --- [           main] c.s.s.demo.service.GrilServiceTest       : Started GrilServiceTest in 4.439 seconds (JVM running for 5.127)
2017-12-06 10:22:32.959  INFO 6847 --- [           main] c.s.s.demo.aspect.HttpAspect             : url=http://localhost/grils
2017-12-06 10:22:32.959  INFO 6847 --- [           main] c.s.s.demo.aspect.HttpAspect             : method=GET
2017-12-06 10:22:32.959  INFO 6847 --- [           main] c.s.s.demo.aspect.HttpAspect             : ip=127.0.0.1
2017-12-06 10:22:32.960  INFO 6847 --- [           main] c.s.s.demo.aspect.HttpAspect             : class_method=com.symphony.springbootdata.demo.controller.GrilController.findUser
2017-12-06 10:22:32.960  INFO 6847 --- [           main] c.s.s.demo.aspect.HttpAspect             : args={}
2017-12-06 10:22:32.992  INFO 6847 --- [           main] o.h.h.i.QueryTranslatorFactoryInitiator  : HHH000397: Using ASTQueryTranslatorFactory
Hibernate: select gril0_.id as id1_0_, gril0_.age as age2_0_, gril0_.name as name3_0_ from gril gril0_
2017-12-06 10:22:33.138  INFO 6847 --- [           main] c.s.s.demo.aspect.HttpAspect             : 2222222222
2017-12-06 10:22:33.138  INFO 6847 --- [           main] c.s.s.demo.aspect.HttpAspect             : response=[Gril{id=1, name='陈浩', age=24}, Gril{id=2, name='2', age=20}, Gril{id=3, name='陈浩', age=24}, Gril{id=4, name='hello', age=20}, Gril{id=5, name='陈浩', age=24}, Gril{id=6, name='陈浩', age=20}]

MockHttpServletRequest:
      HTTP Method = GET
      Request URI = /grils
       Parameters = {}
          Headers = {}

Handler:
             Type = com.symphony.springbootdata.demo.controller.GrilController
           Method = public java.util.List<com.symphony.springbootdata.demo.domain.Gril> com.symphony.springbootdata.demo.controller.GrilController.findUser()

Async:
    Async started = false
     Async result = null

Resolved Exception:
             Type = null

ModelAndView:
        View name = null
             View = null
            Model = null

FlashMap:
       Attributes = null

MockHttpServletResponse:
           Status = 200
    Error message = null
          Headers = {Content-Type=[application/json;charset=UTF-8]}
     Content type = application/json;charset=UTF-8
             Body = [{"id":1,"name":"陈浩","age":24},{"id":2,"name":"2","age":20},{"id":3,"name":"陈浩","age":24},{"id":4,"name":"hello","age":20},{"id":5,"name":"陈浩","age":24},{"id":6,"name":"陈浩","age":20}]
    Forwarded URL = null
   Redirected URL = null
          Cookies = []
]]></system-out>
    <system-err><![CDATA[Wed Dec 06 10:22:30 CST 2017 WARN: Establishing SSL connection without server's identity verification is not recommended. According to MySQL 5.5.45+, 5.6.26+ and 5.7.6+ requirements SSL connection must be established by default if explicit option isn't set. For compliance with existing applications not using SSL the verifyServerCertificate property is set to 'false'. You need either to explicitly disable SSL by setting useSSL=false, or set useSSL=true and provide truststore for server certificate verification.
Wed Dec 06 10:22:30 CST 2017 WARN: Establishing SSL connection without server's identity verification is not recommended. According to MySQL 5.5.45+, 5.6.26+ and 5.7.6+ requirements SSL connection must be established by default if explicit option isn't set. For compliance with existing applications not using SSL the verifyServerCertificate property is set to 'false'. You need either to explicitly disable SSL by setting useSSL=false, or set useSSL=true and provide truststore for server certificate verification.
Wed Dec 06 10:22:30 CST 2017 WARN: Establishing SSL connection without server's identity verification is not recommended. According to MySQL 5.5.45+, 5.6.26+ and 5.7.6+ requirements SSL connection must be established by default if explicit option isn't set. For compliance with existing applications not using SSL the verifyServerCertificate property is set to 'false'. You need either to explicitly disable SSL by setting useSSL=false, or set useSSL=true and provide truststore for server certificate verification.
Wed Dec 06 10:22:30 CST 2017 WARN: Establishing SSL connection without server's identity verification is not recommended. According to MySQL 5.5.45+, 5.6.26+ and 5.7.6+ requirements SSL connection must be established by default if explicit option isn't set. For compliance with existing applications not using SSL the verifyServerCertificate property is set to 'false'. You need either to explicitly disable SSL by setting useSSL=false, or set useSSL=true and provide truststore for server certificate verification.
Wed Dec 06 10:22:30 CST 2017 WARN: Establishing SSL connection without server's identity verification is not recommended. According to MySQL 5.5.45+, 5.6.26+ and 5.7.6+ requirements SSL connection must be established by default if explicit option isn't set. For compliance with existing applications not using SSL the verifyServerCertificate property is set to 'false'. You need either to explicitly disable SSL by setting useSSL=false, or set useSSL=true and provide truststore for server certificate verification.
Wed Dec 06 10:22:30 CST 2017 WARN: Establishing SSL connection without server's identity verification is not recommended. According to MySQL 5.5.45+, 5.6.26+ and 5.7.6+ requirements SSL connection must be established by default if explicit option isn't set. For compliance with existing applications not using SSL the verifyServerCertificate property is set to 'false'. You need either to explicitly disable SSL by setting useSSL=false, or set useSSL=true and provide truststore for server certificate verification.
Wed Dec 06 10:22:30 CST 2017 WARN: Establishing SSL connection without server's identity verification is not recommended. According to MySQL 5.5.45+, 5.6.26+ and 5.7.6+ requirements SSL connection must be established by default if explicit option isn't set. For compliance with existing applications not using SSL the verifyServerCertificate property is set to 'false'. You need either to explicitly disable SSL by setting useSSL=false, or set useSSL=true and provide truststore for server certificate verification.
Wed Dec 06 10:22:30 CST 2017 WARN: Establishing SSL connection without server's identity verification is not recommended. According to MySQL 5.5.45+, 5.6.26+ and 5.7.6+ requirements SSL connection must be established by default if explicit option isn't set. For compliance with existing applications not using SSL the verifyServerCertificate property is set to 'false'. You need either to explicitly disable SSL by setting useSSL=false, or set useSSL=true and provide truststore for server certificate verification.
Wed Dec 06 10:22:30 CST 2017 WARN: Establishing SSL connection without server's identity verification is not recommended. According to MySQL 5.5.45+, 5.6.26+ and 5.7.6+ requirements SSL connection must be established by default if explicit option isn't set. For compliance with existing applications not using SSL the verifyServerCertificate property is set to 'false'. You need either to explicitly disable SSL by setting useSSL=false, or set useSSL=true and provide truststore for server certificate verification.
Wed Dec 06 10:22:30 CST 2017 WARN: Establishing SSL connection without server's identity verification is not recommended. According to MySQL 5.5.45+, 5.6.26+ and 5.7.6+ requirements SSL connection must be established by default if explicit option isn't set. For compliance with existing applications not using SSL the verifyServerCertificate property is set to 'false'. You need either to explicitly disable SSL by setting useSSL=false, or set useSSL=true and provide truststore for server certificate verification.
]]></system-err>
  </testcase>
</testsuite>